Mono path[0] = 'C:/Users/adpaw/projects/unity/pommerman/pommermanai/Builds/long_episode/PommermanAi_Data/Managed'
Mono config path = 'C:/Users/adpaw/projects/unity/pommerman/pommermanai/Builds/long_episode/MonoBleedingEdge/etc'
Input System module state changed to: Initialized.
[Physics::Module] Initialized fallback backend.
[Physics::Module] Id: 0xdecafbad
Initialize engine version: 6000.2.7f2 (2b518236b676)
[Subsystems] Discovering subsystems at path C:/Users/adpaw/projects/unity/pommerman/pommermanai/Builds/long_episode/PommermanAi_Data/UnitySubsystems
Forcing GfxDevice: Null
GfxDevice: creating device client; kGfxThreadingModeNonThreaded
NullGfxDevice:
    Version:  NULL 1.0 [1.0]
    Renderer: Null Device
    Vendor:   Unity Technologies
Begin MonoManager ReloadAssembly
- Loaded All Assemblies, in 12.547 seconds
- Finished resetting the current domain, in  0.016 seconds
[Physics::Module] Selected backend.
[Physics::Module] Name: PhysX
[Physics::Module] Id: 0xf2b8ea05
[Physics::Module] SDK Version: 4.1.2
[Physics::Module] Integration Version: 1.0.0
[Physics::Module] Threading Mode: Multi-Threaded
ERROR: Shader Hidden/Universal Render Pipeline/LutBuilderLdr shader is not supported on this GPU (none of subshaders/fallbacks are suitable)
ERROR: Shader Hidden/Universal Render Pipeline/CameraMotionBlur shader is not supported on this GPU (none of subshaders/fallbacks are suitable)
WARNING: Shader Unsupported: 'Hidden/Universal Render Pipeline/FallbackError' - All subshaders removed
WARNING: Shader Did you use #pragma only_renderers and omit this platform?
WARNING: Shader If subshaders removal was intentional, you may have forgotten turning Fallback off?
ERROR: Shader Hidden/Universal Render Pipeline/FallbackError shader is not supported on this GPU (none of subshaders/fallbacks are suitable)
WARNING: Shader Unsupported: 'Hidden/Universal Render Pipeline/FallbackError' - All subshaders removed
WARNING: Shader Did you use #pragma only_renderers and omit this platform?
WARNING: Shader If subshaders removal was intentional, you may have forgotten turning Fallback off?
WARNING: Shader Unsupported: 'Hidden/Universal Render Pipeline/ClusterDeferred' - All subshaders removed
WARNING: Shader Did you use #pragma only_renderers and omit this platform?
WARNING: Shader If subshaders removal was intentional, you may have forgotten turning Fallback off?
WARNING: Shader Unsupported: 'Hidden/Universal Render Pipeline/ClusterDeferred' - All subshaders removed
WARNING: Shader Did you use #pragma only_renderers and omit this platform?
WARNING: Shader If subshaders removal was intentional, you may have forgotten turning Fallback off?
ERROR: Shader Hidden/TerrainEngine/Details/UniversalPipeline/BillboardWavingDoublePass shader is not supported on this GPU (none of subshaders/fallbacks are suitable)
ERROR: Shader Hidden/Universal Render Pipeline/TemporalAA shader is not supported on this GPU (none of subshaders/fallbacks are suitable)
ERROR: Shader Hidden/App UI/LinearProgress shader is not supported on this GPU (none of subshaders/fallbacks are suitable)
ERROR: Shader Hidden/Universal Render Pipeline/Scaling Setup shader is not supported on this GPU (none of subshaders/fallbacks are suitable)
ERROR: Shader Hidden/CoreSRP/CoreCopy shader is not supported on this GPU (none of subshaders/fallbacks are suitable)
ERROR: Shader Hidden/App UI/Mask shader is not supported on this GPU (none of subshaders/fallbacks are suitable)
ERROR: Shader Hidden/App UI/CircularProgress shader is not supported on this GPU (none of subshaders/fallbacks are suitable)
WARNING: Shader Unsupported: 'Hidden/Universal Render Pipeline/StencilDeferred' - All subshaders removed
WARNING: Shader Did you use #pragma only_renderers and omit this platform?
WARNING: Shader If subshaders removal was intentional, you may have forgotten turning Fallback off?
WARNING: Shader Unsupported: 'Hidden/Universal Render Pipeline/StencilDeferred' - All subshaders removed
WARNING: Shader Did you use #pragma only_renderers and omit this platform?
WARNING: Shader If subshaders removal was intentional, you may have forgotten turning Fallback off?
ERROR: Shader Hidden/App UI/CanvasBackground shader is not supported on this GPU (none of subshaders/fallbacks are suitable)
ERROR: Shader Hidden/TerrainEngine/Details/UniversalPipeline/Vertexlit shader is not supported on this GPU (none of subshaders/fallbacks are suitable)
ERROR: Shader Hidden/Universal Render Pipeline/GaussianDepthOfField shader is not supported on this GPU (none of subshaders/fallbacks are suitable)
ERROR: Shader Hidden/Universal Render Pipeline/Debug/DebugReplacement shader is not supported on this GPU (none of subshaders/fallbacks are suitable)
ERROR: Shader Hidden/Universal Render Pipeline/StencilDitherMaskSeed shader is not supported on this GPU (none of subshaders/fallbacks are suitable)
ERROR: Shader Hidden/App UI/Box shader is not supported on this GPU (none of subshaders/fallbacks are suitable)
ERROR: Shader Hidden/Universal Render Pipeline/LutBuilderHdr shader is not supported on this GPU (none of subshaders/fallbacks are suitable)
ERROR: Shader Hidden/Universal Render Pipeline/Sampling shader is not supported on this GPU (none of subshaders/fallbacks are suitable)
ERROR: Shader Hidden/Universal Render Pipeline/LensFlareDataDriven shader is not supported on this GPU (none of subshaders/fallbacks are suitable)
ERROR: Shader Hidden/App UI/SVSquare shader is not supported on this GPU (none of subshaders/fallbacks are suitable)
ERROR: Shader Hidden/Universal Render Pipeline/CameraMotionVectors shader is not supported on this GPU (none of subshaders/fallbacks are suitable)
ERROR: Shader Hidden/App UI/ColorSwatch shader is not supported on this GPU (none of subshaders/fallbacks are suitable)
ERROR: Shader Hidden/Universal Render Pipeline/UberPost shader is not supported on this GPU (none of subshaders/fallbacks are suitable)
ERROR: Shader Hidden/Universal Render Pipeline/Bloom shader is not supported on this GPU (none of subshaders/fallbacks are suitable)
ERROR: Shader Hidden/Universal Render Pipeline/BokehDepthOfField shader is not supported on this GPU (none of subshaders/fallbacks are suitable)
ERROR: Shader Hidden/Universal Render Pipeline/FinalPost shader is not supported on this GPU (none of subshaders/fallbacks are suitable)
ERROR: Shader Hidden/Universal Render Pipeline/CopyDepth shader is not supported on this GPU (none of subshaders/fallbacks are suitable)
ERROR: Shader Hidden/Universal Render Pipeline/SubpixelMorphologicalAntialiasing shader is not supported on this GPU (none of subshaders/fallbacks are suitable)
ERROR: Shader Hidden/Universal Render Pipeline/ScreenSpaceAmbientOcclusion shader is not supported on this GPU (none of subshaders/fallbacks are suitable)
ERROR: Shader Hidden/Universal Render Pipeline/Stop NaN shader is not supported on this GPU (none of subshaders/fallbacks are suitable)
ERROR: Shader Hidden/App UI/ColorWheel shader is not supported on this GPU (none of subshaders/fallbacks are suitable)
ERROR: Shader Hidden/Universal/HDRDebugView shader is not supported on this GPU (none of subshaders/fallbacks are suitable)
ERROR: Shader Hidden/Universal Render Pipeline/LensFlareScreenSpace shader is not supported on this GPU (none of subshaders/fallbacks are suitable)
ERROR: Shader Hidden/TerrainEngine/Details/UniversalPipeline/WavingDoublePass shader is not supported on this GPU (none of subshaders/fallbacks are suitable)
ERROR: Shader Hidden/Universal Render Pipeline/PaniniProjection shader is not supported on this GPU (none of subshaders/fallbacks are suitable)
ERROR: Shader Sprites/Default shader is not supported on this GPU (none of subshaders/fallbacks are suitable)
Microsoft Media Foundation video decoding to texture disabled: graphics device is Null, only Direct3D 11 and Direct3D 12 (only on desktop) are supported for hardware-accelerated video decoding.
<b>[App UI]</b> Unable to find an AppUISettings instance, creating a default one...
ERROR: Shader Sprites/Mask shader is not supported on this GPU (none of subshaders/fallbacks are suitable)
ERROR: Shader Hidden/Universal Render Pipeline/Terrain/Lit (Basemap Gen) shader is not supported on this GPU (none of subshaders/fallbacks are suitable)
WARNING: Shader Unsupported: 'Hidden/Universal Render Pipeline/Terrain/Lit (Add Pass)' - All subshaders removed
WARNING: Shader Did you use #pragma only_renderers and omit this platform?
WARNING: Shader If subshaders removal was intentional, you may have forgotten turning Fallback off?
ERROR: Shader Hidden/Universal Render Pipeline/Terrain/Lit (Add Pass) shader is not supported on this GPU (none of subshaders/fallbacks are suitable)
WARNING: Shader Unsupported: 'Hidden/Universal Render Pipeline/Terrain/Lit (Add Pass)' - All subshaders removed
WARNING: Shader Did you use #pragma only_renderers and omit this platform?
WARNING: Shader If subshaders removal was intentional, you may have forgotten turning Fallback off?
WARNING: Shader Unsupported: 'Universal Render Pipeline/Lit' - All subshaders removed
WARNING: Shader Did you use #pragma only_renderers and omit this platform?
WARNING: Shader If subshaders removal was intentional, you may have forgotten turning Fallback off?
ERROR: Shader Universal Render Pipeline/Lit shader is not supported on this GPU (none of subshaders/fallbacks are suitable)
WARNING: Shader Unsupported: 'Universal Render Pipeline/Lit' - All subshaders removed
WARNING: Shader Did you use #pragma only_renderers and omit this platform?
WARNING: Shader If subshaders removal was intentional, you may have forgotten turning Fallback off?
WARNING: Shader Unsupported: 'Universal Render Pipeline/Nature/SpeedTree8_PBRLit' - All subshaders removed
WARNING: Shader Did you use #pragma only_renderers and omit this platform?
WARNING: Shader If subshaders removal was intentional, you may have forgotten turning Fallback off?
ERROR: Shader Universal Render Pipeline/Nature/SpeedTree8_PBRLit shader is not supported on this GPU (none of subshaders/fallbacks are suitable)
WARNING: Shader Unsupported: 'Universal Render Pipeline/Nature/SpeedTree8_PBRLit' - All subshaders removed
WARNING: Shader Did you use #pragma only_renderers and omit this platform?
WARNING: Shader If subshaders removal was intentional, you may have forgotten turning Fallback off?
WARNING: Shader Unsupported: 'Universal Render Pipeline/Terrain/Lit' - All subshaders removed
WARNING: Shader Did you use #pragma only_renderers and omit this platform?
WARNING: Shader If subshaders removal was intentional, you may have forgotten turning Fallback off?
ERROR: Shader Universal Render Pipeline/Terrain/Lit shader is not supported on this GPU (none of subshaders/fallbacks are suitable)
WARNING: Shader Unsupported: 'Universal Render Pipeline/Terrain/Lit' - All subshaders removed
WARNING: Shader Did you use #pragma only_renderers and omit this platform?
WARNING: Shader If subshaders removal was intentional, you may have forgotten turning Fallback off?
WARNING: Shader Unsupported: 'Hidden/Universal Render Pipeline/Terrain/Lit (Base Pass)' - All subshaders removed
WARNING: Shader Did you use #pragma only_renderers and omit this platform?
WARNING: Shader If subshaders removal was intentional, you may have forgotten turning Fallback off?
ERROR: Shader Hidden/Universal Render Pipeline/Terrain/Lit (Base Pass) shader is not supported on this GPU (none of subshaders/fallbacks are suitable)
WARNING: Shader Unsupported: 'Hidden/Universal Render Pipeline/Terrain/Lit (Base Pass)' - All subshaders removed
WARNING: Shader Did you use #pragma only_renderers and omit this platform?
WARNING: Shader If subshaders removal was intentional, you may have forgotten turning Fallback off?
UnloadTime: 5.243100 ms
Registered Communicator in Agent.
Poprawne postawienie bomby.
Breakable destroyed. Remaining: 29
Poprawne postawienie bomby.
Breakable destroyed. Remaining: 28
Poprawne postawienie bomby.
Breakable destroyed. Remaining: 27
Poprawne postawienie bomby.
Breakable destroyed. Remaining: 26
Poprawne postawienie bomby.
Breakable destroyed. Remaining: 25
Poprawne postawienie bomby.
Breakable destroyed. Remaining: 24
Poprawne postawienie bomby.
Breakable destroyed. Remaining: 23
Poprawne postawienie bomby.
Breakable destroyed. Remaining: 22
Breakable destroyed. Remaining: 21
Breakable destroyed. Remaining: 20
Poprawne postawienie bomby.
Breakable destroyed. Remaining: 19
Poprawne postawienie bomby.
Breakable destroyed. Remaining: 18
Poprawne postawienie bomby.
Breakable destroyed. Remaining: 17
Breakable destroyed. Remaining: 16
Poprawne postawienie bomby.
Breakable destroyed. Remaining: 15
Poprawne postawienie bomby.
Breakable destroyed. Remaining: 14
Poprawne postawienie bomby.
Breakable destroyed. Remaining: 13
Poprawne postawienie bomby.
Breakable destroyed. Remaining: 12
Poprawne postawienie bomby.
Breakable destroyed. Remaining: 11
Poprawne postawienie bomby.
Breakable destroyed. Remaining: 10
Poprawne postawienie bomby.
Breakable destroyed. Remaining: 9
Poprawne postawienie bomby.
Breakable destroyed. Remaining: 8
Poprawne postawienie bomby.
Breakable destroyed. Remaining: 7
Breakable destroyed. Remaining: 6
Poprawne postawienie bomby.
Breakable destroyed. Remaining: 5
Reward this round: 15,35002
reset
Poprawne postawienie bomby.
Breakable destroyed. Remaining: 28
Poprawne postawienie bomby.
Breakable destroyed. Remaining: 27
Breakable destroyed. Remaining: 26
Poprawne postawienie bomby.
Breakable destroyed. Remaining: 25
Breakable destroyed. Remaining: 24
Poprawne postawienie bomby.
Breakable destroyed. Remaining: 23
Poprawne postawienie bomby.
Breakable destroyed. Remaining: 22
Poprawne postawienie bomby.
Breakable destroyed. Remaining: 21
Breakable destroyed. Remaining: 20
Breakable destroyed. Remaining: 19
Poprawne postawienie bomby.
Breakable destroyed. Remaining: 18
Poprawne postawienie bomby.
Breakable destroyed. Remaining: 17
Poprawne postawienie bomby.
Breakable destroyed. Remaining: 16
Breakable destroyed. Remaining: 15
Breakable destroyed. Remaining: 14
Poprawne postawienie bomby.
Breakable destroyed. Remaining: 13
Poprawne postawienie bomby.
Breakable destroyed. Remaining: 12
Poprawne postawienie bomby.
Breakable destroyed. Remaining: 11
Poprawne postawienie bomby.
Breakable destroyed. Remaining: 10
Poprawne postawienie bomby.
Breakable destroyed. Remaining: 9
Reward this round: 11,65
reset
Poprawne postawienie bomby.
Breakable destroyed. Remaining: 24
Poprawne postawienie bomby.
Breakable destroyed. Remaining: 23
Poprawne postawienie bomby.
Breakable destroyed. Remaining: 22
Poprawne postawienie bomby.
Breakable destroyed. Remaining: 21
Breakable destroyed. Remaining: 20
Poprawne postawienie bomby.
Breakable destroyed. Remaining: 19
Reward this round: 2,6
reset
Poprawne postawienie bomby.
Breakable destroyed. Remaining: 27
Poprawne postawienie bomby.
Breakable destroyed. Remaining: 26
Poprawne postawienie bomby.
Breakable destroyed. Remaining: 25
Poprawne postawienie bomby.
Breakable destroyed. Remaining: 24
Poprawne postawienie bomby.
Breakable destroyed. Remaining: 23
Poprawne postawienie bomby.
Breakable destroyed. Remaining: 22
Breakable destroyed. Remaining: 21
Poprawne postawienie bomby.
Breakable destroyed. Remaining: 20
Poprawne postawienie bomby.
Breakable destroyed. Remaining: 19
Poprawne postawienie bomby.
Breakable destroyed. Remaining: 18
Poprawne postawienie bomby.
Breakable destroyed. Remaining: 17
Poprawne postawienie bomby.
Breakable destroyed. Remaining: 16
Breakable destroyed. Remaining: 15
Breakable destroyed. Remaining: 14
Poprawne postawienie bomby.
Breakable destroyed. Remaining: 13
Poprawne postawienie bomby.
Breakable destroyed. Remaining: 12
Poprawne postawienie bomby.
Breakable destroyed. Remaining: 11
Poprawne postawienie bomby.
Breakable destroyed. Remaining: 10
Breakable destroyed. Remaining: 9
Poprawne postawienie bomby.
Breakable destroyed. Remaining: 8
Poprawne postawienie bomby.
Breakable destroyed. Remaining: 7
Poprawne postawienie bomby.
Breakable destroyed. Remaining: 6
Poprawne postawienie bomby.
Breakable destroyed. Remaining: 5
Reward this round: 13,975
reset
Poprawne postawienie bomby.
Breakable destroyed. Remaining: 25
Poprawne postawienie bomby.
Breakable destroyed. Remaining: 24
Poprawne postawienie bomby.
Breakable destroyed. Remaining: 23
Reward this round: 0,575
reset
Poprawne postawienie bomby.
Breakable destroyed. Remaining: 29
Breakable destroyed. Remaining: 28
Poprawne postawienie bomby.
Breakable destroyed. Remaining: 27
Poprawne postawienie bomby.
Breakable destroyed. Remaining: 26
Breakable destroyed. Remaining: 25
Poprawne postawienie bomby.
Breakable destroyed. Remaining: 24
Poprawne postawienie bomby.
Breakable destroyed. Remaining: 23
Poprawne postawienie bomby.
Breakable destroyed. Remaining: 22
Reward this round: 3,799998
reset
Poprawne postawienie bomby.
Breakable destroyed. Remaining: 27
Poprawne postawienie bomby.
Breakable destroyed. Remaining: 26
Poprawne postawienie bomby.
Breakable destroyed. Remaining: 25
Poprawne postawienie bomby.
Breakable destroyed. Remaining: 24
Poprawne postawienie bomby.
Breakable destroyed. Remaining: 23
Poprawne postawienie bomby.
Breakable destroyed. Remaining: 22
Poprawne postawienie bomby.
Breakable destroyed. Remaining: 21
Breakable destroyed. Remaining: 20
Poprawne postawienie bomby.
Breakable destroyed. Remaining: 19
Breakable destroyed. Remaining: 18
Poprawne postawienie bomby.
Breakable destroyed. Remaining: 17
Poprawne postawienie bomby.
Breakable destroyed. Remaining: 16
Poprawne postawienie bomby.
Breakable destroyed. Remaining: 15
Poprawne postawienie bomby.
Breakable destroyed. Remaining: 14
Poprawne postawienie bomby.
Breakable destroyed. Remaining: 13
Poprawne postawienie bomby.
Breakable destroyed. Remaining: 12
Poprawne postawienie bomby.
Breakable destroyed. Remaining: 11
Poprawne postawienie bomby.
Breakable destroyed. Remaining: 10
Poprawne postawienie bomby.
Breakable destroyed. Remaining: 9
Poprawne postawienie bomby.
Breakable destroyed. Remaining: 8
Poprawne postawienie bomby.
Breakable destroyed. Remaining: 7
Poprawne postawienie bomby.
Breakable destroyed. Remaining: 6
Reward this round: 13,4
reset
Poprawne postawienie bomby.
Breakable destroyed. Remaining: 31
Poprawne postawienie bomby.
Breakable destroyed. Remaining: 30
Breakable destroyed. Remaining: 29
Breakable destroyed. Remaining: 28
Poprawne postawienie bomby.
Breakable destroyed. Remaining: 27
Breakable destroyed. Remaining: 26
Poprawne postawienie bomby.
Breakable destroyed. Remaining: 25
Breakable destroyed. Remaining: 24
Poprawne postawienie bomby.
Breakable destroyed. Remaining: 23
Poprawne postawienie bomby.
Breakable destroyed. Remaining: 22
Poprawne postawienie bomby.
Breakable destroyed. Remaining: 21
Poprawne postawienie bomby.
Breakable destroyed. Remaining: 20
Breakable destroyed. Remaining: 19
Poprawne postawienie bomby.
Breakable destroyed. Remaining: 18
Poprawne postawienie bomby.
Breakable destroyed. Remaining: 17
Poprawne postawienie bomby.
Breakable destroyed. Remaining: 16
Poprawne postawienie bomby.
Breakable destroyed. Remaining: 15
Breakable destroyed. Remaining: 14
Breakable destroyed. Remaining: 13
Poprawne postawienie bomby.
Breakable destroyed. Remaining: 12
Poprawne postawienie bomby.
Breakable destroyed. Remaining: 11
Poprawne postawienie bomby.
Breakable destroyed. Remaining: 10
Poprawne postawienie bomby.
Breakable destroyed. Remaining: 9
Poprawne postawienie bomby.
Breakable destroyed. Remaining: 8
Poprawne postawienie bomby.
Breakable destroyed. Remaining: 7
Breakable destroyed. Remaining: 6
Poprawne postawienie bomby.
Breakable destroyed. Remaining: 5
Poprawne postawienie bomby.
Breakable destroyed. Remaining: 4
Poprawne postawienie bomby.
Breakable destroyed. Remaining: 3
Poprawne postawienie bomby.
Breakable destroyed. Remaining: 2
Breakable destroyed. Remaining: 1
Poprawne postawienie bomby.
Breakable destroyed. Remaining: 0
All breakables destroyed! Awarding win...
Reward this round: 21,02504
reset
Poprawne postawienie bomby.
Breakable destroyed. Remaining: 24
Poprawne postawienie bomby.
Breakable destroyed. Remaining: 23
Poprawne postawienie bomby.
Breakable destroyed. Remaining: 22
Poprawne postawienie bomby.
Breakable destroyed. Remaining: 21
Breakable destroyed. Remaining: 20
Poprawne postawienie bomby.
Breakable destroyed. Remaining: 19
Breakable destroyed. Remaining: 18
Poprawne postawienie bomby.
Breakable destroyed. Remaining: 17
Poprawne postawienie bomby.
Breakable destroyed. Remaining: 16
Poprawne postawienie bomby.
Breakable destroyed. Remaining: 15
Breakable destroyed. Remaining: 14
Poprawne postawienie bomby.
Breakable destroyed. Remaining: 13
Poprawne postawienie bomby.
Breakable destroyed. Remaining: 12
Poprawne postawienie bomby.
Breakable destroyed. Remaining: 11
Poprawne postawienie bomby.
Breakable destroyed. Remaining: 10
Poprawne postawienie bomby.
Breakable destroyed. Remaining: 9
Poprawne postawienie bomby.
Breakable destroyed. Remaining: 8
Poprawne postawienie bomby.
Breakable destroyed. Remaining: 7
Poprawne postawienie bomby.
Breakable destroyed. Remaining: 6
Poprawne postawienie bomby.
Breakable destroyed. Remaining: 5
Poprawne postawienie bomby.
Breakable destroyed. Remaining: 4
Poprawne postawienie bomby.
Breakable destroyed. Remaining: 3
Poprawne postawienie bomby.
Breakable destroyed. Remaining: 2
Poprawne postawienie bomby.
Breakable destroyed. Remaining: 1
Poprawne postawienie bomby.
Breakable destroyed. Remaining: 0
All breakables destroyed! Awarding win...
Reward this round: 16,77501
reset
Poprawne postawienie bomby.
Breakable destroyed. Remaining: 34
Poprawne postawienie bomby.
Breakable destroyed. Remaining: 33
Poprawne postawienie bomby.
Breakable destroyed. Remaining: 32
Poprawne postawienie bomby.
Breakable destroyed. Remaining: 31
Poprawne postawienie bomby.
Breakable destroyed. Remaining: 30
Poprawne postawienie bomby.
Breakable destroyed. Remaining: 29
Poprawne postawienie bomby.
Breakable destroyed. Remaining: 28
Poprawne postawienie bomby.
Breakable destroyed. Remaining: 27
Poprawne postawienie bomby.
Breakable destroyed. Remaining: 26
Poprawne postawienie bomby.
Breakable destroyed. Remaining: 25
Breakable destroyed. Remaining: 24
Poprawne postawienie bomby.
Breakable destroyed. Remaining: 23
Breakable destroyed. Remaining: 22
Poprawne postawienie bomby.
Breakable destroyed. Remaining: 21
Poprawne postawienie bomby.
Breakable destroyed. Remaining: 20
Poprawne postawienie bomby.
Breakable destroyed. Remaining: 19
Poprawne postawienie bomby.
Breakable destroyed. Remaining: 18
Poprawne postawienie bomby.
Breakable destroyed. Remaining: 17
Poprawne postawienie bomby.
Breakable destroyed. Remaining: 16
Poprawne postawienie bomby.
Breakable destroyed. Remaining: 15
Breakable destroyed. Remaining: 14
Poprawne postawienie bomby.
Breakable destroyed. Remaining: 13
Poprawne postawienie bomby.
Breakable destroyed. Remaining: 12
Poprawne postawienie bomby.
Breakable destroyed. Remaining: 11
Poprawne postawienie bomby.
Breakable destroyed. Remaining: 10
Poprawne postawienie bomby.
Breakable destroyed. Remaining: 9
Poprawne postawienie bomby.
Breakable destroyed. Remaining: 8
Breakable destroyed. Remaining: 7
Poprawne postawienie bomby.
Breakable destroyed. Remaining: 6
Poprawne postawienie bomby.
Breakable destroyed. Remaining: 5
Poprawne postawienie bomby.
Breakable destroyed. Remaining: 4
Poprawne postawienie bomby.
Breakable destroyed. Remaining: 3
Poprawne postawienie bomby.
Breakable destroyed. Remaining: 2
Poprawne postawienie bomby.
Breakable destroyed. Remaining: 1
Reward this round: 19,47531
reset
Poprawne postawienie bomby.
Breakable destroyed. Remaining: 29
Reward this round: -0,875
reset
Poprawne postawienie bomby.
Breakable destroyed. Remaining: 28
Poprawne postawienie bomby.
Breakable destroyed. Remaining: 27
Poprawne postawienie bomby.
Breakable destroyed. Remaining: 26
Reward this round: 0,5500002
reset
Poprawne postawienie bomby.
Breakable destroyed. Remaining: 38
Reward this round: -0,8
reset
Poprawne postawienie bomby.
Breakable destroyed. Remaining: 26
Poprawne postawienie bomby.
Breakable destroyed. Remaining: 25
Breakable destroyed. Remaining: 24
Poprawne postawienie bomby.
Breakable destroyed. Remaining: 23
Breakable destroyed. Remaining: 22
Poprawne postawienie bomby.
Breakable destroyed. Remaining: 21
Poprawne postawienie bomby.
Breakable destroyed. Remaining: 20
Poprawne postawienie bomby.
Breakable destroyed. Remaining: 19
Poprawne postawienie bomby.
Breakable destroyed. Remaining: 18
Breakable destroyed. Remaining: 17
Poprawne postawienie bomby.
Breakable destroyed. Remaining: 16
Poprawne postawienie bomby.
Breakable destroyed. Remaining: 15
Poprawne postawienie bomby.
Breakable destroyed. Remaining: 14
Poprawne postawienie bomby.
Breakable destroyed. Remaining: 13
Poprawne postawienie bomby.
Breakable destroyed. Remaining: 12
Breakable destroyed. Remaining: 11
Poprawne postawienie bomby.
Breakable destroyed. Remaining: 10
Breakable destroyed. Remaining: 9
Poprawne postawienie bomby.
Breakable destroyed. Remaining: 8
Poprawne postawienie bomby.
Breakable destroyed. Remaining: 7
Poprawne postawienie bomby.
Breakable destroyed. Remaining: 6
Poprawne postawienie bomby.
Breakable destroyed. Remaining: 5
Poprawne postawienie bomby.
Breakable destroyed. Remaining: 4
Poprawne postawienie bomby.
Breakable destroyed. Remaining: 3
Poprawne postawienie bomby.
Breakable destroyed. Remaining: 2
Poprawne postawienie bomby.
Breakable destroyed. Remaining: 1
Poprawne postawienie bomby.
Breakable destroyed. Remaining: 0
All breakables destroyed! Awarding win...
Reward this round: 18,10002
reset
Breakable destroyed. Remaining: 27
Poprawne postawienie bomby.
Breakable destroyed. Remaining: 26
Poprawne postawienie bomby.
Breakable destroyed. Remaining: 25
Poprawne postawienie bomby.
Breakable destroyed. Remaining: 24
Breakable destroyed. Remaining: 23
Poprawne postawienie bomby.
Breakable destroyed. Remaining: 22
Poprawne postawienie bomby.
Breakable destroyed. Remaining: 21
Breakable destroyed. Remaining: 20
Poprawne postawienie bomby.
Breakable destroyed. Remaining: 19
Breakable destroyed. Remaining: 18
Poprawne postawienie bomby.
Breakable destroyed. Remaining: 17
Breakable destroyed. Remaining: 16
Poprawne postawienie bomby.
Breakable destroyed. Remaining: 15
Poprawne postawienie bomby.
Breakable destroyed. Remaining: 14
Poprawne postawienie bomby.
Breakable destroyed. Remaining: 13
Breakable destroyed. Remaining: 12
Poprawne postawienie bomby.
Breakable destroyed. Remaining: 11
Poprawne postawienie bomby.
Breakable destroyed. Remaining: 10
Poprawne postawienie bomby.
Breakable destroyed. Remaining: 9
Poprawne postawienie bomby.
Breakable destroyed. Remaining: 8
Poprawne postawienie bomby.
Breakable destroyed. Remaining: 7
Poprawne postawienie bomby.
Breakable destroyed. Remaining: 6
Reward this round: 12,17499
reset
Poprawne postawienie bomby.
Breakable destroyed. Remaining: 28
Breakable destroyed. Remaining: 27
Poprawne postawienie bomby.
Breakable destroyed. Remaining: 26
Poprawne postawienie bomby.
Breakable destroyed. Remaining: 25
Poprawne postawienie bomby.
Breakable destroyed. Remaining: 24
Poprawne postawienie bomby.
Breakable destroyed. Remaining: 23
Poprawne postawienie bomby.
Breakable destroyed. Remaining: 22
Poprawne postawienie bomby.
Breakable destroyed. Remaining: 21
Poprawne postawienie bomby.
Breakable destroyed. Remaining: 20
Breakable destroyed. Remaining: 19
Poprawne postawienie bomby.
Breakable destroyed. Remaining: 18
Poprawne postawienie bomby.
Breakable destroyed. Remaining: 17
Breakable destroyed. Remaining: 16
Breakable destroyed. Remaining: 15
Poprawne postawienie bomby.
Breakable destroyed. Remaining: 14
Poprawne postawienie bomby.
Breakable destroyed. Remaining: 13
Poprawne postawienie bomby.
Breakable destroyed. Remaining: 12
Poprawne postawienie bomby.
Breakable destroyed. Remaining: 11
Poprawne postawienie bomby.
Breakable destroyed. Remaining: 10
Poprawne postawienie bomby.
Breakable destroyed. Remaining: 9
Poprawne postawienie bomby.
Breakable destroyed. Remaining: 8
Poprawne postawienie bomby.
Breakable destroyed. Remaining: 7
Poprawne postawienie bomby.
Breakable destroyed. Remaining: 6
Poprawne postawienie bomby.
Breakable destroyed. Remaining: 5
Poprawne postawienie bomby.
Breakable destroyed. Remaining: 4
Poprawne postawienie bomby.
Breakable destroyed. Remaining: 3
Poprawne postawienie bomby.
Breakable destroyed. Remaining: 2
Breakable destroyed. Remaining: 1
Reward this round: 14,25049
reset
Poprawne postawienie bomby.
Breakable destroyed. Remaining: 31
Poprawne postawienie bomby.
Breakable destroyed. Remaining: 30
Poprawne postawienie bomby.
Breakable destroyed. Remaining: 29
Breakable destroyed. Remaining: 28
Poprawne postawienie bomby.
Breakable destroyed. Remaining: 27
Poprawne postawienie bomby.
Breakable destroyed. Remaining: 26
Poprawne postawienie bomby.
Breakable destroyed. Remaining: 25
Breakable destroyed. Remaining: 24
Breakable destroyed. Remaining: 23
Poprawne postawienie bomby.
Breakable destroyed. Remaining: 22
Poprawne postawienie bomby.
Breakable destroyed. Remaining: 21
Poprawne postawienie bomby.
Breakable destroyed. Remaining: 20
Breakable destroyed. Remaining: 19
Poprawne postawienie bomby.
Breakable destroyed. Remaining: 18
Breakable destroyed. Remaining: 17
Poprawne postawienie bomby.
Breakable destroyed. Remaining: 16
Poprawne postawienie bomby.
Breakable destroyed. Remaining: 15
Poprawne postawienie bomby.
Breakable destroyed. Remaining: 14
Poprawne postawienie bomby.
Breakable destroyed. Remaining: 13
Breakable destroyed. Remaining: 12
Poprawne postawienie bomby.
Breakable destroyed. Remaining: 11
Poprawne postawienie bomby.
Breakable destroyed. Remaining: 10
Poprawne postawienie bomby.
Breakable destroyed. Remaining: 9
Poprawne postawienie bomby.
Breakable destroyed. Remaining: 8
Reward this round: 14,55
reset
Poprawne postawienie bomby.
Breakable destroyed. Remaining: 20
Poprawne postawienie bomby.
Breakable destroyed. Remaining: 19
Poprawne postawienie bomby.
Breakable destroyed. Remaining: 18
Breakable destroyed. Remaining: 17
Poprawne postawienie bomby.
Breakable destroyed. Remaining: 16
Poprawne postawienie bomby.
Breakable destroyed. Remaining: 15
Poprawne postawienie bomby.
Breakable destroyed. Remaining: 14
Poprawne postawienie bomby.
Breakable destroyed. Remaining: 13
Poprawne postawienie bomby.
Breakable destroyed. Remaining: 12
Poprawne postawienie bomby.
Breakable destroyed. Remaining: 11
Poprawne postawienie bomby.
Breakable destroyed. Remaining: 10
Poprawne postawienie bomby.
Breakable destroyed. Remaining: 9
Breakable destroyed. Remaining: 8
Poprawne postawienie bomby.
Breakable destroyed. Remaining: 7
Poprawne postawienie bomby.
Breakable destroyed. Remaining: 6
Poprawne postawienie bomby.
Breakable destroyed. Remaining: 5
Poprawne postawienie bomby.
Breakable destroyed. Remaining: 4
Poprawne postawienie bomby.
Breakable destroyed. Remaining: 3
Poprawne postawienie bomby.
Breakable destroyed. Remaining: 2
Poprawne postawienie bomby.
Breakable destroyed. Remaining: 1
Reward this round: 11,95
reset
Poprawne postawienie bomby.
Breakable destroyed. Remaining: 33
Reward this round: -0,8
reset
Poprawne postawienie bomby.
Breakable destroyed. Remaining: 19
Poprawne postawienie bomby.
Breakable destroyed. Remaining: 18
Poprawne postawienie bomby.
Breakable destroyed. Remaining: 17
Poprawne postawienie bomby.
Breakable destroyed. Remaining: 16
Poprawne postawienie bomby.
Breakable destroyed. Remaining: 15
Poprawne postawienie bomby.
Breakable destroyed. Remaining: 14
Poprawne postawienie bomby.
Breakable destroyed. Remaining: 13
Breakable destroyed. Remaining: 12
Poprawne postawienie bomby.
Breakable destroyed. Remaining: 11
Breakable destroyed. Remaining: 10
Poprawne postawienie bomby.
Breakable destroyed. Remaining: 9
Poprawne postawienie bomby.
Breakable destroyed. Remaining: 8
Poprawne postawienie bomby.
Breakable destroyed. Remaining: 7
Breakable destroyed. Remaining: 6
Poprawne postawienie bomby.
Breakable destroyed. Remaining: 5
Poprawne postawienie bomby.
Breakable destroyed. Remaining: 4
Poprawne postawienie bomby.
Breakable destroyed. Remaining: 3
Poprawne postawienie bomby.
Breakable destroyed. Remaining: 2
Poprawne postawienie bomby.
Breakable destroyed. Remaining: 1
Poprawne postawienie bomby.
Breakable destroyed. Remaining: 0
All breakables destroyed! Awarding win...
Reward this round: 13,04999
reset
Breakable destroyed. Remaining: 28
Poprawne postawienie bomby.
Breakable destroyed. Remaining: 27
Poprawne postawienie bomby.
Breakable destroyed. Remaining: 26
Poprawne postawienie bomby.
Breakable destroyed. Remaining: 25
Poprawne postawienie bomby.
Breakable destroyed. Remaining: 24
Poprawne postawienie bomby.
Breakable destroyed. Remaining: 23
Poprawne postawienie bomby.
Breakable destroyed. Remaining: 22
Poprawne postawienie bomby.
Breakable destroyed. Remaining: 21
Breakable destroyed. Remaining: 20
Poprawne postawienie bomby.
Breakable destroyed. Remaining: 19
Breakable destroyed. Remaining: 18
Poprawne postawienie bomby.
Breakable destroyed. Remaining: 17
Breakable destroyed. Remaining: 16
Poprawne postawienie bomby.
Breakable destroyed. Remaining: 15
Poprawne postawienie bomby.
Breakable destroyed. Remaining: 14
Breakable destroyed. Remaining: 13
Poprawne postawienie bomby.
Breakable destroyed. Remaining: 12
Poprawne postawienie bomby.
Breakable destroyed. Remaining: 11
Poprawne postawienie bomby.
Breakable destroyed. Remaining: 10
Poprawne postawienie bomby.
Breakable destroyed. Remaining: 9
Poprawne postawienie bomby.
Breakable destroyed. Remaining: 8
Poprawne postawienie bomby.
Breakable destroyed. Remaining: 7
Breakable destroyed. Remaining: 6
Poprawne postawienie bomby.
Breakable destroyed. Remaining: 5
Poprawne postawienie bomby.
Breakable destroyed. Remaining: 4
Breakable destroyed. Remaining: 3
Poprawne postawienie bomby.
Breakable destroyed. Remaining: 2
Poprawne postawienie bomby.
Breakable destroyed. Remaining: 1
Poprawne postawienie bomby.
Breakable destroyed. Remaining: 0
All breakables destroyed! Awarding win...
Reward this round: 18,35008
reset
Poprawne postawienie bomby.
Breakable destroyed. Remaining: 28
Poprawne postawienie bomby.
Breakable destroyed. Remaining: 27
Poprawne postawienie bomby.
Breakable destroyed. Remaining: 26
Poprawne postawienie bomby.
Breakable destroyed. Remaining: 25
Poprawne postawienie bomby.
Breakable destroyed. Remaining: 24
Breakable destroyed. Remaining: 23
Poprawne postawienie bomby.
Breakable destroyed. Remaining: 22
Poprawne postawienie bomby.
Breakable destroyed. Remaining: 21
Poprawne postawienie bomby.
Breakable destroyed. Remaining: 20
Poprawne postawienie bomby.
Breakable destroyed. Remaining: 19
Breakable destroyed. Remaining: 18
Poprawne postawienie bomby.
Breakable destroyed. Remaining: 17
Poprawne postawienie bomby.
Breakable destroyed. Remaining: 16
Poprawne postawienie bomby.
Breakable destroyed. Remaining: 15
Poprawne postawienie bomby.
Breakable destroyed. Remaining: 14
Breakable destroyed. Remaining: 13
Poprawne postawienie bomby.
Breakable destroyed. Remaining: 12
Poprawne postawienie bomby.
Breakable destroyed. Remaining: 11
Poprawne postawienie bomby.
Breakable destroyed. Remaining: 10
Poprawne postawienie bomby.
Breakable destroyed. Remaining: 9
Poprawne postawienie bomby.
Breakable destroyed. Remaining: 8
Poprawne postawienie bomby.
Breakable destroyed. Remaining: 7
Breakable destroyed. Remaining: 6
Poprawne postawienie bomby.
Breakable destroyed. Remaining: 5
Poprawne postawienie bomby.
Breakable destroyed. Remaining: 4
Poprawne postawienie bomby.
Breakable destroyed. Remaining: 3
Poprawne postawienie bomby.
Breakable destroyed. Remaining: 2
Poprawne postawienie bomby.
Breakable destroyed. Remaining: 1
Breakable destroyed. Remaining: 0
All breakables destroyed! Awarding win...
Reward this round: 19,02506
reset
Poprawne postawienie bomby.
Breakable destroyed. Remaining: 26
Poprawne postawienie bomby.
Breakable destroyed. Remaining: 25
Poprawne postawienie bomby.
Breakable destroyed. Remaining: 24
Breakable destroyed. Remaining: 23
Poprawne postawienie bomby.
Breakable destroyed. Remaining: 22
Breakable destroyed. Remaining: 21
Poprawne postawienie bomby.
Breakable destroyed. Remaining: 20
Poprawne postawienie bomby.
Breakable destroyed. Remaining: 19
Poprawne postawienie bomby.
Breakable destroyed. Remaining: 18
Poprawne postawienie bomby.
Breakable destroyed. Remaining: 17
Poprawne postawienie bomby.
Breakable destroyed. Remaining: 16
Poprawne postawienie bomby.
Breakable destroyed. Remaining: 15
Poprawne postawienie bomby.
Breakable destroyed. Remaining: 14
Poprawne postawienie bomby.
Breakable destroyed. Remaining: 13
Poprawne postawienie bomby.
Breakable destroyed. Remaining: 12
Breakable destroyed. Remaining: 11
Poprawne postawienie bomby.
Breakable destroyed. Remaining: 10
Breakable destroyed. Remaining: 9
Poprawne postawienie bomby.
Breakable destroyed. Remaining: 8
Poprawne postawienie bomby.
Breakable destroyed. Remaining: 7
Poprawne postawienie bomby.
Breakable destroyed. Remaining: 6
Poprawne postawienie bomby.
Breakable destroyed. Remaining: 5
Poprawne postawienie bomby.
Breakable destroyed. Remaining: 4
Poprawne postawienie bomby.
Breakable destroyed. Remaining: 3
Poprawne postawienie bomby.
Breakable destroyed. Remaining: 2
Poprawne postawienie bomby.
Breakable destroyed. Remaining: 1
Reward this round: 15,62509
reset
Poprawne postawienie bomby.
Breakable destroyed. Remaining: 24
Breakable destroyed. Remaining: 23
Poprawne postawienie bomby.
Breakable destroyed. Remaining: 22
Poprawne postawienie bomby.
Breakable destroyed. Remaining: 21
Poprawne postawienie bomby.
Breakable destroyed. Remaining: 20
Poprawne postawienie bomby.
Breakable destroyed. Remaining: 19
Poprawne postawienie bomby.
Breakable destroyed. Remaining: 18
Poprawne postawienie bomby.
Breakable destroyed. Remaining: 17
Poprawne postawienie bomby.
Breakable destroyed. Remaining: 16
Poprawne postawienie bomby.
Breakable destroyed. Remaining: 15
Breakable destroyed. Remaining: 14
Breakable destroyed. Remaining: 13
Poprawne postawienie bomby.
Breakable destroyed. Remaining: 12
Poprawne postawienie bomby.
Breakable destroyed. Remaining: 11
Poprawne postawienie bomby.
Breakable destroyed. Remaining: 10
Poprawne postawienie bomby.
Breakable destroyed. Remaining: 9
Poprawne postawienie bomby.
Breakable destroyed. Remaining: 8
Poprawne postawienie bomby.
Breakable destroyed. Remaining: 7
Poprawne postawienie bomby.
Breakable destroyed. Remaining: 6
Poprawne postawienie bomby.
Breakable destroyed. Remaining: 5
Poprawne postawienie bomby.
Breakable destroyed. Remaining: 4
Poprawne postawienie bomby.
Breakable destroyed. Remaining: 3
Poprawne postawienie bomby.
Breakable destroyed. Remaining: 2
Breakable destroyed. Remaining: 1
Reward this round: 11,82494
reset
Poprawne postawienie bomby.
Breakable destroyed. Remaining: 29
Poprawne postawienie bomby.
Breakable destroyed. Remaining: 28
Poprawne postawienie bomby.
Breakable destroyed. Remaining: 27
Poprawne postawienie bomby.
Breakable destroyed. Remaining: 26
Reward this round: 1,2
reset
Poprawne postawienie bomby.
Breakable destroyed. Remaining: 26
Poprawne postawienie bomby.
Breakable destroyed. Remaining: 25
Poprawne postawienie bomby.
Breakable destroyed. Remaining: 24
Poprawne postawienie bomby.
Breakable destroyed. Remaining: 23
Breakable destroyed. Remaining: 22
Breakable destroyed. Remaining: 21
Poprawne postawienie bomby.
Breakable destroyed. Remaining: 20
Poprawne postawienie bomby.
Breakable destroyed. Remaining: 19
Poprawne postawienie bomby.
Breakable destroyed. Remaining: 18
Poprawne postawienie bomby.
Breakable destroyed. Remaining: 17
Breakable destroyed. Remaining: 16
Breakable destroyed. Remaining: 15
Poprawne postawienie bomby.
Breakable destroyed. Remaining: 14
Poprawne postawienie bomby.
Breakable destroyed. Remaining: 13
Poprawne postawienie bomby.
Breakable destroyed. Remaining: 12
Breakable destroyed. Remaining: 11
Poprawne postawienie bomby.
Breakable destroyed. Remaining: 10
Poprawne postawienie bomby.
Breakable destroyed. Remaining: 9
Poprawne postawienie bomby.
Breakable destroyed. Remaining: 8
Poprawne postawienie bomby.
Breakable destroyed. Remaining: 7
Breakable destroyed. Remaining: 6
Poprawne postawienie bomby.
Breakable destroyed. Remaining: 5
Poprawne postawienie bomby.
Breakable destroyed. Remaining: 4
Poprawne postawienie bomby.
Breakable destroyed. Remaining: 3
Poprawne postawienie bomby.
Breakable destroyed. Remaining: 2
Poprawne postawienie bomby.
Breakable destroyed. Remaining: 1
[Physics::Module] Cleanup current backend.
[Physics::Module] Id: 0xf2b8ea05
Input System module state changed to: ShutdownInProgress.
Input System polling thread exited.
Input System module state changed to: Shutdown.
