Mono path[0] = 'C:/Users/adpaw/projects/unity/pommerman-simple/pommermanai-unity/Builds/build-3/PommermanAi_Data/Managed'
Mono config path = 'C:/Users/adpaw/projects/unity/pommerman-simple/pommermanai-unity/Builds/build-3/MonoBleedingEdge/etc'
Input System module state changed to: Initialized.
[Physics::Module] Initialized fallback backend.
[Physics::Module] Id: 0xdecafbad
Initialize engine version: 6000.2.7f2 (2b518236b676)
[Subsystems] Discovering subsystems at path C:/Users/adpaw/projects/unity/pommerman-simple/pommermanai-unity/Builds/build-3/PommermanAi_Data/UnitySubsystems
Forcing GfxDevice: Null
GfxDevice: creating device client; kGfxThreadingModeNonThreaded
NullGfxDevice:
    Version:  NULL 1.0 [1.0]
    Renderer: Null Device
    Vendor:   Unity Technologies
Begin MonoManager ReloadAssembly
- Loaded All Assemblies, in  0.299 seconds
- Finished resetting the current domain, in  0.017 seconds
[Physics::Module] Selected backend.
[Physics::Module] Name: PhysX
[Physics::Module] Id: 0xf2b8ea05
[Physics::Module] SDK Version: 4.1.2
[Physics::Module] Integration Version: 1.0.0
[Physics::Module] Threading Mode: Multi-Threaded
ERROR: Shader Hidden/Universal Render Pipeline/LutBuilderLdr shader is not supported on this GPU (none of subshaders/fallbacks are suitable)
ERROR: Shader Hidden/Universal Render Pipeline/CameraMotionBlur shader is not supported on this GPU (none of subshaders/fallbacks are suitable)
WARNING: Shader Unsupported: 'Hidden/Universal Render Pipeline/FallbackError' - All subshaders removed
WARNING: Shader Did you use #pragma only_renderers and omit this platform?
WARNING: Shader If subshaders removal was intentional, you may have forgotten turning Fallback off?
ERROR: Shader Hidden/Universal Render Pipeline/FallbackError shader is not supported on this GPU (none of subshaders/fallbacks are suitable)
WARNING: Shader Unsupported: 'Hidden/Universal Render Pipeline/FallbackError' - All subshaders removed
WARNING: Shader Did you use #pragma only_renderers and omit this platform?
WARNING: Shader If subshaders removal was intentional, you may have forgotten turning Fallback off?
WARNING: Shader Unsupported: 'Hidden/Universal Render Pipeline/ClusterDeferred' - All subshaders removed
WARNING: Shader Did you use #pragma only_renderers and omit this platform?
WARNING: Shader If subshaders removal was intentional, you may have forgotten turning Fallback off?
WARNING: Shader Unsupported: 'Hidden/Universal Render Pipeline/ClusterDeferred' - All subshaders removed
WARNING: Shader Did you use #pragma only_renderers and omit this platform?
WARNING: Shader If subshaders removal was intentional, you may have forgotten turning Fallback off?
ERROR: Shader Hidden/TerrainEngine/Details/UniversalPipeline/BillboardWavingDoublePass shader is not supported on this GPU (none of subshaders/fallbacks are suitable)
ERROR: Shader Hidden/Universal Render Pipeline/TemporalAA shader is not supported on this GPU (none of subshaders/fallbacks are suitable)
ERROR: Shader Hidden/App UI/LinearProgress shader is not supported on this GPU (none of subshaders/fallbacks are suitable)
ERROR: Shader Hidden/Universal Render Pipeline/Scaling Setup shader is not supported on this GPU (none of subshaders/fallbacks are suitable)
ERROR: Shader Hidden/CoreSRP/CoreCopy shader is not supported on this GPU (none of subshaders/fallbacks are suitable)
ERROR: Shader Hidden/App UI/Mask shader is not supported on this GPU (none of subshaders/fallbacks are suitable)
ERROR: Shader Hidden/App UI/CircularProgress shader is not supported on this GPU (none of subshaders/fallbacks are suitable)
WARNING: Shader Unsupported: 'Hidden/Universal Render Pipeline/StencilDeferred' - All subshaders removed
WARNING: Shader Did you use #pragma only_renderers and omit this platform?
WARNING: Shader If subshaders removal was intentional, you may have forgotten turning Fallback off?
WARNING: Shader Unsupported: 'Hidden/Universal Render Pipeline/StencilDeferred' - All subshaders removed
WARNING: Shader Did you use #pragma only_renderers and omit this platform?
WARNING: Shader If subshaders removal was intentional, you may have forgotten turning Fallback off?
ERROR: Shader Hidden/App UI/CanvasBackground shader is not supported on this GPU (none of subshaders/fallbacks are suitable)
ERROR: Shader Hidden/TerrainEngine/Details/UniversalPipeline/Vertexlit shader is not supported on this GPU (none of subshaders/fallbacks are suitable)
ERROR: Shader Hidden/Universal Render Pipeline/GaussianDepthOfField shader is not supported on this GPU (none of subshaders/fallbacks are suitable)
ERROR: Shader Hidden/Universal Render Pipeline/Debug/DebugReplacement shader is not supported on this GPU (none of subshaders/fallbacks are suitable)
ERROR: Shader Hidden/Universal Render Pipeline/StencilDitherMaskSeed shader is not supported on this GPU (none of subshaders/fallbacks are suitable)
ERROR: Shader Hidden/App UI/Box shader is not supported on this GPU (none of subshaders/fallbacks are suitable)
ERROR: Shader Hidden/Universal Render Pipeline/LutBuilderHdr shader is not supported on this GPU (none of subshaders/fallbacks are suitable)
ERROR: Shader Hidden/Universal Render Pipeline/Sampling shader is not supported on this GPU (none of subshaders/fallbacks are suitable)
ERROR: Shader Hidden/Universal Render Pipeline/LensFlareDataDriven shader is not supported on this GPU (none of subshaders/fallbacks are suitable)
ERROR: Shader Hidden/App UI/SVSquare shader is not supported on this GPU (none of subshaders/fallbacks are suitable)
ERROR: Shader Hidden/Universal Render Pipeline/CameraMotionVectors shader is not supported on this GPU (none of subshaders/fallbacks are suitable)
ERROR: Shader Hidden/App UI/ColorSwatch shader is not supported on this GPU (none of subshaders/fallbacks are suitable)
ERROR: Shader Hidden/Universal Render Pipeline/UberPost shader is not supported on this GPU (none of subshaders/fallbacks are suitable)
ERROR: Shader Hidden/Universal Render Pipeline/Bloom shader is not supported on this GPU (none of subshaders/fallbacks are suitable)
ERROR: Shader Hidden/Universal Render Pipeline/BokehDepthOfField shader is not supported on this GPU (none of subshaders/fallbacks are suitable)
ERROR: Shader Hidden/Universal Render Pipeline/FinalPost shader is not supported on this GPU (none of subshaders/fallbacks are suitable)
ERROR: Shader Hidden/Universal Render Pipeline/CopyDepth shader is not supported on this GPU (none of subshaders/fallbacks are suitable)
ERROR: Shader Hidden/Universal Render Pipeline/SubpixelMorphologicalAntialiasing shader is not supported on this GPU (none of subshaders/fallbacks are suitable)
ERROR: Shader Hidden/Universal Render Pipeline/ScreenSpaceAmbientOcclusion shader is not supported on this GPU (none of subshaders/fallbacks are suitable)
ERROR: Shader Hidden/Universal Render Pipeline/Stop NaN shader is not supported on this GPU (none of subshaders/fallbacks are suitable)
ERROR: Shader Hidden/App UI/ColorWheel shader is not supported on this GPU (none of subshaders/fallbacks are suitable)
ERROR: Shader Hidden/Universal/HDRDebugView shader is not supported on this GPU (none of subshaders/fallbacks are suitable)
ERROR: Shader Hidden/Universal Render Pipeline/LensFlareScreenSpace shader is not supported on this GPU (none of subshaders/fallbacks are suitable)
ERROR: Shader Hidden/TerrainEngine/Details/UniversalPipeline/WavingDoublePass shader is not supported on this GPU (none of subshaders/fallbacks are suitable)
ERROR: Shader Hidden/Universal Render Pipeline/PaniniProjection shader is not supported on this GPU (none of subshaders/fallbacks are suitable)
ERROR: Shader Sprites/Default shader is not supported on this GPU (none of subshaders/fallbacks are suitable)
Microsoft Media Foundation video decoding to texture disabled: graphics device is Null, only Direct3D 11 and Direct3D 12 (only on desktop) are supported for hardware-accelerated video decoding.
<b>[App UI]</b> Unable to find an AppUISettings instance, creating a default one...
ERROR: Shader Sprites/Mask shader is not supported on this GPU (none of subshaders/fallbacks are suitable)
ERROR: Shader Hidden/Universal Render Pipeline/Terrain/Lit (Basemap Gen) shader is not supported on this GPU (none of subshaders/fallbacks are suitable)
WARNING: Shader Unsupported: 'Hidden/Universal Render Pipeline/Terrain/Lit (Add Pass)' - All subshaders removed
WARNING: Shader Did you use #pragma only_renderers and omit this platform?
WARNING: Shader If subshaders removal was intentional, you may have forgotten turning Fallback off?
ERROR: Shader Hidden/Universal Render Pipeline/Terrain/Lit (Add Pass) shader is not supported on this GPU (none of subshaders/fallbacks are suitable)
WARNING: Shader Unsupported: 'Hidden/Universal Render Pipeline/Terrain/Lit (Add Pass)' - All subshaders removed
WARNING: Shader Did you use #pragma only_renderers and omit this platform?
WARNING: Shader If subshaders removal was intentional, you may have forgotten turning Fallback off?
WARNING: Shader Unsupported: 'Universal Render Pipeline/Lit' - All subshaders removed
WARNING: Shader Did you use #pragma only_renderers and omit this platform?
WARNING: Shader If subshaders removal was intentional, you may have forgotten turning Fallback off?
ERROR: Shader Universal Render Pipeline/Lit shader is not supported on this GPU (none of subshaders/fallbacks are suitable)
WARNING: Shader Unsupported: 'Universal Render Pipeline/Lit' - All subshaders removed
WARNING: Shader Did you use #pragma only_renderers and omit this platform?
WARNING: Shader If subshaders removal was intentional, you may have forgotten turning Fallback off?
WARNING: Shader Unsupported: 'Universal Render Pipeline/Nature/SpeedTree8_PBRLit' - All subshaders removed
WARNING: Shader Did you use #pragma only_renderers and omit this platform?
WARNING: Shader If subshaders removal was intentional, you may have forgotten turning Fallback off?
ERROR: Shader Universal Render Pipeline/Nature/SpeedTree8_PBRLit shader is not supported on this GPU (none of subshaders/fallbacks are suitable)
WARNING: Shader Unsupported: 'Universal Render Pipeline/Nature/SpeedTree8_PBRLit' - All subshaders removed
WARNING: Shader Did you use #pragma only_renderers and omit this platform?
WARNING: Shader If subshaders removal was intentional, you may have forgotten turning Fallback off?
WARNING: Shader Unsupported: 'Universal Render Pipeline/Terrain/Lit' - All subshaders removed
WARNING: Shader Did you use #pragma only_renderers and omit this platform?
WARNING: Shader If subshaders removal was intentional, you may have forgotten turning Fallback off?
ERROR: Shader Universal Render Pipeline/Terrain/Lit shader is not supported on this GPU (none of subshaders/fallbacks are suitable)
WARNING: Shader Unsupported: 'Universal Render Pipeline/Terrain/Lit' - All subshaders removed
WARNING: Shader Did you use #pragma only_renderers and omit this platform?
WARNING: Shader If subshaders removal was intentional, you may have forgotten turning Fallback off?
WARNING: Shader Unsupported: 'Hidden/Universal Render Pipeline/Terrain/Lit (Base Pass)' - All subshaders removed
WARNING: Shader Did you use #pragma only_renderers and omit this platform?
WARNING: Shader If subshaders removal was intentional, you may have forgotten turning Fallback off?
ERROR: Shader Hidden/Universal Render Pipeline/Terrain/Lit (Base Pass) shader is not supported on this GPU (none of subshaders/fallbacks are suitable)
WARNING: Shader Unsupported: 'Hidden/Universal Render Pipeline/Terrain/Lit (Base Pass)' - All subshaders removed
WARNING: Shader Did you use #pragma only_renderers and omit this platform?
WARNING: Shader If subshaders removal was intentional, you may have forgotten turning Fallback off?
UnloadTime: 3.293800 ms
Registered Communicator in Agent.
Wykryto przeciwnika PommermanAgent_1_Opponent w zasięgu bomby!
Breakable destroyed. Remaining: 6
Breakable destroyed. Remaining: 7
Wykryto przeciwnika PommermanAgent_1_Opponent w zasięgu bomby!
Wykryto przeciwnika PommermanAgent_1_Opponent w zasięgu bomby!
Breakable destroyed. Remaining: 4
Breakable destroyed. Remaining: 2
Breakable destroyed. Remaining: 3
Wykryto przeciwnika PommermanAgent_1_Opponent w zasięgu bomby!
Breakable destroyed. Remaining: 3
Wykryto przeciwnika PommermanAgent_1_Opponent w zasięgu bomby!
Wykryto przeciwnika PommermanAgent_1_Opponent w zasięgu bomby!
Wykryto przeciwnika PommermanAgent_1_Opponent w zasięgu bomby!
Wykryto przeciwnika PommermanAgent_1_Opponent w zasięgu bomby!
Breakable destroyed. Remaining: 3
Breakable destroyed. Remaining: 2
Wykryto przeciwnika PommermanAgent_1_Opponent w zasięgu bomby!
Breakable destroyed. Remaining: 4
Wykryto przeciwnika PommermanAgent_1_Opponent w zasięgu bomby!
Breakable destroyed. Remaining: 4
Wykryto przeciwnika PommermanAgent_1_Opponent w zasięgu bomby!
Breakable destroyed. Remaining: 2
Wykryto przeciwnika PommermanAgent_1_Opponent w zasięgu bomby!
Breakable destroyed. Remaining: 2
Wykryto przeciwnika PommermanAgent_1_Opponent w zasięgu bomby!
Wykryto przeciwnika PommermanAgent_1_Opponent w zasięgu bomby!
Breakable destroyed. Remaining: 1
Breakable destroyed. Remaining: 2
Breakable destroyed. Remaining: 2
Wykryto przeciwnika PommermanAgent_1_Opponent w zasięgu bomby!
Breakable destroyed. Remaining: 3
Breakable destroyed. Remaining: 3
Wykryto przeciwnika PommermanAgent_1_Opponent w zasięgu bomby!
Wykryto przeciwnika PommermanAgent_1_Opponent w zasięgu bomby!
Wykryto przeciwnika PommermanAgent_1_Opponent w zasięgu bomby!
Wykryto przeciwnika PommermanAgent_1_Opponent w zasięgu bomby!
Wykryto przeciwnika PommermanAgent_1_Opponent w zasięgu bomby!
Breakable destroyed. Remaining: 3
Breakable destroyed. Remaining: 4
Wykryto przeciwnika PommermanAgent_1_Opponent w zasięgu bomby!
Wykryto przeciwnika PommermanAgent_1_Opponent w zasięgu bomby!
Wykryto przeciwnika PommermanAgent_1_Opponent w zasięgu bomby!
Wykryto przeciwnika PommermanAgent_1_Opponent w zasięgu bomby!
Wykryto przeciwnika PommermanAgent_1_Opponent w zasięgu bomby!
Wykryto przeciwnika PommermanAgent_1_Opponent w zasięgu bomby!
Wykryto przeciwnika PommermanAgent_1_Opponent w zasięgu bomby!
Wykryto przeciwnika PommermanAgent_1_Opponent w zasięgu bomby!
Wykryto przeciwnika PommermanAgent_1_Opponent w zasięgu bomby!
Wykryto przeciwnika PommermanAgent_1_Opponent w zasięgu bomby!
Wykryto przeciwnika PommermanAgent_1_Opponent w zasięgu bomby!
Breakable destroyed. Remaining: 1
Breakable destroyed. Remaining: 5
Breakable destroyed. Remaining: 4
Breakable destroyed. Remaining: 3
Wykryto przeciwnika PommermanAgent_1_Opponent w zasięgu bomby!
Breakable destroyed. Remaining: 2
Breakable destroyed. Remaining: 3
Wykryto przeciwnika PommermanAgent_1_Opponent w zasięgu bomby!
Breakable destroyed. Remaining: 5
Breakable destroyed. Remaining: 2
Wykryto przeciwnika PommermanAgent_1_Opponent w zasięgu bomby!
Breakable destroyed. Remaining: 4
Breakable destroyed. Remaining: 3
Wykryto przeciwnika PommermanAgent_1_Opponent w zasięgu bomby!
Wykryto przeciwnika PommermanAgent_1_Opponent w zasięgu bomby!
Breakable destroyed. Remaining: 4
Wykryto przeciwnika PommermanAgent_1_Opponent w zasięgu bomby!
Breakable destroyed. Remaining: 3
Breakable destroyed. Remaining: 4
Wykryto przeciwnika PommermanAgent_1_Opponent w zasięgu bomby!
Wykryto przeciwnika PommermanAgent_1_Opponent w zasięgu bomby!
Breakable destroyed. Remaining: 2
Wykryto przeciwnika PommermanAgent_1_Opponent w zasięgu bomby!
Breakable destroyed. Remaining: 2
Wykryto przeciwnika PommermanAgent_1_Opponent w zasięgu bomby!
Breakable destroyed. Remaining: 5
Breakable destroyed. Remaining: 2
Breakable destroyed. Remaining: 5
Breakable destroyed. Remaining: 4
Breakable destroyed. Remaining: 5
Breakable destroyed. Remaining: 3
Wykryto przeciwnika PommermanAgent_1_Opponent w zasięgu bomby!
Breakable destroyed. Remaining: 0
All breakables destroyed! Awarding win...
Reward this round: 0,811
Wykryto przeciwnika PommermanAgent_1_Opponent w zasięgu bomby!
Wykryto przeciwnika PommermanAgent_1_Opponent w zasięgu bomby!
Breakable destroyed. Remaining: 2
Wykryto przeciwnika PommermanAgent_1_Opponent w zasięgu bomby!
Breakable destroyed. Remaining: 5
Wykryto przeciwnika PommermanAgent_1_Opponent w zasięgu bomby!
Wykryto przeciwnika PommermanAgent_1_Opponent w zasięgu bomby!
Wykryto przeciwnika PommermanAgent_1_Opponent w zasięgu bomby!
Wykryto przeciwnika PommermanAgent_1_Opponent w zasięgu bomby!
Wykryto przeciwnika PommermanAgent_1_Opponent w zasięgu bomby!
Breakable destroyed. Remaining: 2
Wykryto przeciwnika PommermanAgent_1_Opponent w zasięgu bomby!
Wykryto przeciwnika PommermanAgent_1_Opponent w zasięgu bomby!
Wykryto przeciwnika PommermanAgent_1_Opponent w zasięgu bomby!
Wykryto przeciwnika PommermanAgent_1_Opponent w zasięgu bomby!
Wykryto przeciwnika PommermanAgent_1_Opponent w zasięgu bomby!
Wykryto przeciwnika PommermanAgent_1_Opponent w zasięgu bomby!
Breakable destroyed. Remaining: 2
Wykryto przeciwnika PommermanAgent_1_Opponent w zasięgu bomby!
Breakable destroyed. Remaining: 2
Wykryto przeciwnika PommermanAgent_1_Opponent w zasięgu bomby!
Breakable destroyed. Remaining: 2
Breakable destroyed. Remaining: 1
Breakable destroyed. Remaining: 1
Wykryto przeciwnika PommermanAgent_1_Opponent w zasięgu bomby!
Wykryto przeciwnika PommermanAgent_1_Opponent w zasięgu bomby!
Wykryto przeciwnika PommermanAgent_1_Opponent w zasięgu bomby!
Breakable destroyed. Remaining: 4
Wykryto przeciwnika PommermanAgent_1_Opponent w zasięgu bomby!
Breakable destroyed. Remaining: 3
Wykryto przeciwnika PommermanAgent_1_Opponent w zasięgu bomby!
Breakable destroyed. Remaining: 2
Wykryto przeciwnika PommermanAgent_1_Opponent w zasięgu bomby!
Wykryto przeciwnika PommermanAgent_1_Opponent w zasięgu bomby!
Breakable destroyed. Remaining: 3
Wykryto przeciwnika PommermanAgent_1_Opponent w zasięgu bomby!
Breakable destroyed. Remaining: 2
Wykryto przeciwnika PommermanAgent_1_Opponent w zasięgu bomby!
Wykryto przeciwnika PommermanAgent_1_Opponent w zasięgu bomby!
Wykryto przeciwnika PommermanAgent_1_Opponent w zasięgu bomby!
Wykryto przeciwnika PommermanAgent_1_Opponent w zasięgu bomby!
Wykryto przeciwnika PommermanAgent_1_Opponent w zasięgu bomby!
Breakable destroyed. Remaining: 1
Breakable destroyed. Remaining: 0
All breakables destroyed! Awarding win...
Reward this round: 1,915
Breakable destroyed. Remaining: 0
All breakables destroyed! Awarding win...
Reward this round: 0,8049999
Breakable destroyed. Remaining: 5
Breakable destroyed. Remaining: 3
Breakable destroyed. Remaining: 2
Breakable destroyed. Remaining: 1
Breakable destroyed. Remaining: 4
Wykryto przeciwnika PommermanAgent_1_Opponent w zasięgu bomby!
Wykryto przeciwnika PommermanAgent_1_Opponent w zasięgu bomby!
Wykryto przeciwnika PommermanAgent_1_Opponent w zasięgu bomby!
Breakable destroyed. Remaining: 2
Breakable destroyed. Remaining: 4
Breakable destroyed. Remaining: 5
Wykryto przeciwnika PommermanAgent_1_Opponent w zasięgu bomby!
Breakable destroyed. Remaining: 2
Wykryto przeciwnika PommermanAgent_1_Opponent w zasięgu bomby!
Breakable destroyed. Remaining: 1
Wykryto przeciwnika PommermanAgent_1_Opponent w zasięgu bomby!
Wykryto przeciwnika PommermanAgent_1_Opponent w zasięgu bomby!
Wykryto przeciwnika PommermanAgent_1_Opponent w zasięgu bomby!
Breakable destroyed. Remaining: 1
Wykryto przeciwnika PommermanAgent_1_Opponent w zasięgu bomby!
Wykryto przeciwnika PommermanAgent_1_Opponent w zasięgu bomby!
Wykryto przeciwnika PommermanAgent_1_Opponent w zasięgu bomby!
Wykryto przeciwnika PommermanAgent_1_Opponent w zasięgu bomby!
Wykryto przeciwnika PommermanAgent_1_Opponent w zasięgu bomby!
Wykryto przeciwnika PommermanAgent_1_Opponent w zasięgu bomby!
Breakable destroyed. Remaining: 2
Wykryto przeciwnika PommermanAgent_1_Opponent w zasięgu bomby!
Breakable destroyed. Remaining: 1
Breakable destroyed. Remaining: 4
Breakable destroyed. Remaining: 3
Wykryto przeciwnika PommermanAgent_1_Opponent w zasięgu bomby!
Wykryto przeciwnika PommermanAgent_1_Opponent w zasięgu bomby!
Wykryto przeciwnika PommermanAgent_1_Opponent w zasięgu bomby!
Breakable destroyed. Remaining: 2
Breakable destroyed. Remaining: 5
Breakable destroyed. Remaining: 4
Breakable destroyed. Remaining: 3
Breakable destroyed. Remaining: 2
Wykryto przeciwnika PommermanAgent_1_Opponent w zasięgu bomby!
Breakable destroyed. Remaining: 5
Breakable destroyed. Remaining: 4
Breakable destroyed. Remaining: 3
Breakable destroyed. Remaining: 2
Breakable destroyed. Remaining: 2
Wykryto przeciwnika PommermanAgent_1_Opponent w zasięgu bomby!
Wykryto przeciwnika PommermanAgent_1_Opponent w zasięgu bomby!
Breakable destroyed. Remaining: 4
Wykryto przeciwnika PommermanAgent_1_Opponent w zasięgu bomby!
Breakable destroyed. Remaining: 2
Breakable destroyed. Remaining: 1
Wykryto przeciwnika PommermanAgent_1_Opponent w zasięgu bomby!
Breakable destroyed. Remaining: 3
Wykryto przeciwnika PommermanAgent_1_Opponent w zasięgu bomby!
Breakable destroyed. Remaining: 2
Wykryto przeciwnika PommermanAgent_1_Opponent w zasięgu bomby!
Wykryto przeciwnika PommermanAgent_1_Opponent w zasięgu bomby!
Breakable destroyed. Remaining: 2
Breakable destroyed. Remaining: 2
Wykryto przeciwnika PommermanAgent_1_Opponent w zasięgu bomby!
Wykryto przeciwnika PommermanAgent_1_Opponent w zasięgu bomby!
Wykryto przeciwnika PommermanAgent_1_Opponent w zasięgu bomby!
Breakable destroyed. Remaining: 4
Wykryto przeciwnika PommermanAgent_1_Opponent w zasięgu bomby!
Breakable destroyed. Remaining: 1
Breakable destroyed. Remaining: 2
Breakable destroyed. Remaining: 3
Wykryto przeciwnika PommermanAgent_1_Opponent w zasięgu bomby!
Wykryto przeciwnika PommermanAgent_1_Opponent w zasięgu bomby!
Breakable destroyed. Remaining: 2
Breakable destroyed. Remaining: 2
Wykryto przeciwnika PommermanAgent_1_Opponent w zasięgu bomby!
Wykryto przeciwnika PommermanAgent_1_Opponent w zasięgu bomby!
Wykryto przeciwnika PommermanAgent_1_Opponent w zasięgu bomby!
Wykryto przeciwnika PommermanAgent_1_Opponent w zasięgu bomby!
Wykryto przeciwnika PommermanAgent_1_Opponent w zasięgu bomby!
Breakable destroyed. Remaining: 2
Wykryto przeciwnika PommermanAgent_1_Opponent w zasięgu bomby!
Wykryto przeciwnika PommermanAgent_1_Opponent w zasięgu bomby!
Wykryto przeciwnika PommermanAgent_1_Opponent w zasięgu bomby!
Breakable destroyed. Remaining: 1
Wykryto przeciwnika PommermanAgent_1_Opponent w zasięgu bomby!
Wykryto przeciwnika PommermanAgent_1_Opponent w zasięgu bomby!
Wykryto przeciwnika PommermanAgent_1_Opponent w zasięgu bomby!
Wykryto przeciwnika PommermanAgent_1_Opponent w zasięgu bomby!
Wykryto przeciwnika PommermanAgent_1_Opponent w zasięgu bomby!
Breakable destroyed. Remaining: 2
Wykryto przeciwnika PommermanAgent_1_Opponent w zasięgu bomby!
Breakable destroyed. Remaining: 3
Wykryto przeciwnika PommermanAgent_1_Opponent w zasięgu bomby!
Wykryto przeciwnika PommermanAgent_1_Opponent w zasięgu bomby!
Wykryto przeciwnika PommermanAgent_1_Opponent w zasięgu bomby!
Breakable destroyed. Remaining: 3
Breakable destroyed. Remaining: 2
Wykryto przeciwnika PommermanAgent_1_Opponent w zasięgu bomby!
Wykryto przeciwnika PommermanAgent_1_Opponent w zasięgu bomby!
Breakable destroyed. Remaining: 1
Breakable destroyed. Remaining: 5
Wykryto przeciwnika PommermanAgent_1_Opponent w zasięgu bomby!
Wykryto przeciwnika PommermanAgent_1_Opponent w zasięgu bomby!
Breakable destroyed. Remaining: 5
Breakable destroyed. Remaining: 4
Wykryto przeciwnika PommermanAgent_1_Opponent w zasięgu bomby!
Wykryto przeciwnika PommermanAgent_1_Opponent w zasięgu bomby!
Breakable destroyed. Remaining: 4
Wykryto przeciwnika PommermanAgent_1_Opponent w zasięgu bomby!
Wykryto przeciwnika PommermanAgent_1_Opponent w zasięgu bomby!
Wykryto przeciwnika PommermanAgent_1_Opponent w zasięgu bomby!
Breakable destroyed. Remaining: 2
Breakable destroyed. Remaining: 1
Breakable destroyed. Remaining: 0
All breakables destroyed! Awarding win...
Reward this round: 2,18
Wykryto przeciwnika PommermanAgent_1_Opponent w zasięgu bomby!
Wykryto przeciwnika PommermanAgent_1_Opponent w zasięgu bomby!
Wykryto przeciwnika PommermanAgent_1_Opponent w zasięgu bomby!
Wykryto przeciwnika PommermanAgent_1_Opponent w zasięgu bomby!
Breakable destroyed. Remaining: 1
Breakable destroyed. Remaining: 0
All breakables destroyed! Awarding win...
Reward this round: 1,191
Breakable destroyed. Remaining: 7
Wykryto przeciwnika PommermanAgent_1_Opponent w zasięgu bomby!
Breakable destroyed. Remaining: 2
Wykryto przeciwnika PommermanAgent_1_Opponent w zasięgu bomby!
Wykryto przeciwnika PommermanAgent_1_Opponent w zasięgu bomby!
Wykryto przeciwnika PommermanAgent_1_Opponent w zasięgu bomby!
Wykryto przeciwnika PommermanAgent_1_Opponent w zasięgu bomby!
Wykryto przeciwnika PommermanAgent_1_Opponent w zasięgu bomby!
Wykryto przeciwnika PommermanAgent_1_Opponent w zasięgu bomby!
Breakable destroyed. Remaining: 3
Breakable destroyed. Remaining: 2
Breakable destroyed. Remaining: 3
Breakable destroyed. Remaining: 2
Wykryto przeciwnika PommermanAgent_1_Opponent w zasięgu bomby!
Wykryto przeciwnika PommermanAgent_1_Opponent w zasięgu bomby!
Breakable destroyed. Remaining: 1
Breakable destroyed. Remaining: 0
All breakables destroyed! Awarding win...
Reward this round: 1,57
Wykryto przeciwnika PommermanAgent_1_Opponent w zasięgu bomby!
Wykryto przeciwnika PommermanAgent_1_Opponent w zasięgu bomby!
Wykryto przeciwnika PommermanAgent_1_Opponent w zasięgu bomby!
Breakable destroyed. Remaining: 2
Wykryto przeciwnika PommermanAgent_1_Opponent w zasięgu bomby!
Breakable destroyed. Remaining: 2
Wykryto przeciwnika PommermanAgent_1_Opponent w zasięgu bomby!
Wykryto przeciwnika PommermanAgent_1_Opponent w zasięgu bomby!
Wykryto przeciwnika PommermanAgent_1_Opponent w zasięgu bomby!
Wykryto przeciwnika PommermanAgent_1_Opponent w zasięgu bomby!
Wykryto przeciwnika PommermanAgent_1_Opponent w zasięgu bomby!
Breakable destroyed. Remaining: 1
Breakable destroyed. Remaining: 3
Breakable destroyed. Remaining: 2
Wykryto przeciwnika PommermanAgent_1_Opponent w zasięgu bomby!
Breakable destroyed. Remaining: 1
Wykryto przeciwnika PommermanAgent_1_Opponent w zasięgu bomby!
Wykryto przeciwnika PommermanAgent_1_Opponent w zasięgu bomby!
Wykryto przeciwnika PommermanAgent_1_Opponent w zasięgu bomby!
Wykryto przeciwnika PommermanAgent_1_Opponent w zasięgu bomby!
Wykryto przeciwnika PommermanAgent_1_Opponent w zasięgu bomby!
Breakable destroyed. Remaining: 1
Breakable destroyed. Remaining: 0
All breakables destroyed! Awarding win...
Reward this round: 0,518
Breakable destroyed. Remaining: 0
All breakables destroyed! Awarding win...
Reward this round: 0,795
Wykryto przeciwnika PommermanAgent_1_Opponent w zasięgu bomby!
Breakable destroyed. Remaining: 2
Wykryto przeciwnika PommermanAgent_1_Opponent w zasięgu bomby!
Wykryto przeciwnika PommermanAgent_1_Opponent w zasięgu bomby!
Breakable destroyed. Remaining: 2
Wykryto przeciwnika PommermanAgent_1_Opponent w zasięgu bomby!
Wykryto przeciwnika PommermanAgent_1_Opponent w zasięgu bomby!
Wykryto przeciwnika PommermanAgent_1_Opponent w zasięgu bomby!
Breakable destroyed. Remaining: 2
Breakable destroyed. Remaining: 3
Wykryto przeciwnika PommermanAgent_1_Opponent w zasięgu bomby!
Wykryto przeciwnika PommermanAgent_1_Opponent w zasięgu bomby!
Wykryto przeciwnika PommermanAgent_1_Opponent w zasięgu bomby!
Wykryto przeciwnika PommermanAgent_1_Opponent w zasięgu bomby!
Wykryto przeciwnika PommermanAgent_1_Opponent w zasięgu bomby!
Wykryto przeciwnika PommermanAgent_1_Opponent w zasięgu bomby!
Breakable destroyed. Remaining: 2
Wykryto przeciwnika PommermanAgent_1_Opponent w zasięgu bomby!
Breakable destroyed. Remaining: 1
Breakable destroyed. Remaining: 0
All breakables destroyed! Awarding win...
Reward this round: 1,505
Breakable destroyed. Remaining: 1
Wykryto przeciwnika PommermanAgent_1_Opponent w zasięgu bomby!
Wykryto przeciwnika PommermanAgent_1_Opponent w zasięgu bomby!
Breakable destroyed. Remaining: 0
All breakables destroyed! Awarding win...
Reward this round: 2,615
Wykryto przeciwnika PommermanAgent_1_Opponent w zasięgu bomby!
Wykryto przeciwnika PommermanAgent_1_Opponent w zasięgu bomby!
Wykryto przeciwnika PommermanAgent_1_Opponent w zasięgu bomby!
Wykryto przeciwnika PommermanAgent_1_Opponent w zasięgu bomby!
Breakable destroyed. Remaining: 5
Breakable destroyed. Remaining: 4
Wykryto przeciwnika PommermanAgent_1_Opponent w zasięgu bomby!
Wykryto przeciwnika PommermanAgent_1_Opponent w zasięgu bomby!
Wykryto przeciwnika PommermanAgent_1_Opponent w zasięgu bomby!
Wykryto przeciwnika PommermanAgent_1_Opponent w zasięgu bomby!
Breakable destroyed. Remaining: 3
Breakable destroyed. Remaining: 1
Wykryto przeciwnika PommermanAgent_1_Opponent w zasięgu bomby!
Breakable destroyed. Remaining: 6
Wykryto przeciwnika PommermanAgent_1_Opponent w zasięgu bomby!
Breakable destroyed. Remaining: 2
Breakable destroyed. Remaining: 1
Wykryto przeciwnika PommermanAgent_1_Opponent w zasięgu bomby!
Wykryto przeciwnika PommermanAgent_1_Opponent w zasięgu bomby!
Wykryto przeciwnika PommermanAgent_1_Opponent w zasięgu bomby!
Wykryto przeciwnika PommermanAgent_1_Opponent w zasięgu bomby!
Breakable destroyed. Remaining: 5
Wykryto przeciwnika PommermanAgent_1_Opponent w zasięgu bomby!
Breakable destroyed. Remaining: 4
Wykryto przeciwnika PommermanAgent_1_Opponent w zasięgu bomby!
Wykryto przeciwnika PommermanAgent_1_Opponent w zasięgu bomby!
Breakable destroyed. Remaining: 4
Wykryto przeciwnika PommermanAgent_1_Opponent w zasięgu bomby!
Breakable destroyed. Remaining: 3
Wykryto przeciwnika PommermanAgent_1_Opponent w zasięgu bomby!
Wykryto przeciwnika PommermanAgent_1_Opponent w zasięgu bomby!
Wykryto przeciwnika PommermanAgent_1_Opponent w zasięgu bomby!
Breakable destroyed. Remaining: 1
Wykryto przeciwnika PommermanAgent_1_Opponent w zasięgu bomby!
Breakable destroyed. Remaining: 5
Breakable destroyed. Remaining: 4
Wykryto przeciwnika PommermanAgent_1_Opponent w zasięgu bomby!
Breakable destroyed. Remaining: 3
Wykryto przeciwnika PommermanAgent_1_Opponent w zasięgu bomby!
Wykryto przeciwnika PommermanAgent_1_Opponent w zasięgu bomby!
Wykryto przeciwnika PommermanAgent_1_Opponent w zasięgu bomby!
Wykryto przeciwnika PommermanAgent_1_Opponent w zasięgu bomby!
Wykryto przeciwnika PommermanAgent_1_Opponent w zasięgu bomby!
Wykryto przeciwnika PommermanAgent_1_Opponent w zasięgu bomby!
Breakable destroyed. Remaining: 1
Breakable destroyed. Remaining: 4
Wykryto przeciwnika PommermanAgent_1_Opponent w zasięgu bomby!
Breakable destroyed. Remaining: 1
Wykryto przeciwnika PommermanAgent_1_Opponent w zasięgu bomby!
Wykryto przeciwnika PommermanAgent_1_Opponent w zasięgu bomby!
Breakable destroyed. Remaining: 3
Breakable destroyed. Remaining: 2
Wykryto przeciwnika PommermanAgent_1_Opponent w zasięgu bomby!
Wykryto przeciwnika PommermanAgent_1_Opponent w zasięgu bomby!
Breakable destroyed. Remaining: 3
Wykryto przeciwnika PommermanAgent_1_Opponent w zasięgu bomby!
Wykryto przeciwnika PommermanAgent_1_Opponent w zasięgu bomby!
Breakable destroyed. Remaining: 3
Wykryto przeciwnika PommermanAgent_1_Opponent w zasięgu bomby!
Breakable destroyed. Remaining: 6
Wykryto przeciwnika PommermanAgent_1_Opponent w zasięgu bomby!
Breakable destroyed. Remaining: 2
Wykryto przeciwnika PommermanAgent_1_Opponent w zasięgu bomby!
Wykryto przeciwnika PommermanAgent_1_Opponent w zasięgu bomby!
Wykryto przeciwnika PommermanAgent_1_Opponent w zasięgu bomby!
Wykryto przeciwnika PommermanAgent_1_Opponent w zasięgu bomby!
Wykryto przeciwnika PommermanAgent_1_Opponent w zasięgu bomby!
Breakable destroyed. Remaining: 3
Breakable destroyed. Remaining: 2
Breakable destroyed. Remaining: 2
Wykryto przeciwnika PommermanAgent_1_Opponent w zasięgu bomby!
Wykryto przeciwnika PommermanAgent_1_Opponent w zasięgu bomby!
Wykryto przeciwnika PommermanAgent_1_Opponent w zasięgu bomby!
Wykryto przeciwnika PommermanAgent_1_Opponent w zasięgu bomby!
Breakable destroyed. Remaining: 2
Breakable destroyed. Remaining: 1
Wykryto przeciwnika PommermanAgent_1_Opponent w zasięgu bomby!
Wykryto przeciwnika PommermanAgent_1_Opponent w zasięgu bomby!
Wykryto przeciwnika PommermanAgent_1_Opponent w zasięgu bomby!
Breakable destroyed. Remaining: 2
Wykryto przeciwnika PommermanAgent_1_Opponent w zasięgu bomby!
Breakable destroyed. Remaining: 4
Wykryto przeciwnika PommermanAgent_1_Opponent w zasięgu bomby!
Wykryto przeciwnika PommermanAgent_1_Opponent w zasięgu bomby!
Breakable destroyed. Remaining: 3
Wykryto przeciwnika PommermanAgent_1_Opponent w zasięgu bomby!
Wykryto przeciwnika PommermanAgent_1_Opponent w zasięgu bomby!
Wykryto przeciwnika PommermanAgent_1_Opponent w zasięgu bomby!
Wykryto przeciwnika PommermanAgent_1_Opponent w zasięgu bomby!
Breakable destroyed. Remaining: 2
Wykryto przeciwnika PommermanAgent_1_Opponent w zasięgu bomby!
Wykryto przeciwnika PommermanAgent_1_Opponent w zasięgu bomby!
Breakable destroyed. Remaining: 3
Wykryto przeciwnika PommermanAgent_1_Opponent w zasięgu bomby!
Breakable destroyed. Remaining: 2
Wykryto przeciwnika PommermanAgent_1_Opponent w zasięgu bomby!
Wykryto przeciwnika PommermanAgent_1_Opponent w zasięgu bomby!
Breakable destroyed. Remaining: 2
Wykryto przeciwnika PommermanAgent_1_Opponent w zasięgu bomby!
Breakable destroyed. Remaining: 5
Breakable destroyed. Remaining: 4
Breakable destroyed. Remaining: 3
Wykryto przeciwnika PommermanAgent_1_Opponent w zasięgu bomby!
Breakable destroyed. Remaining: 1
Wykryto przeciwnika PommermanAgent_1_Opponent w zasięgu bomby!
Wykryto przeciwnika PommermanAgent_1_Opponent w zasięgu bomby!
Wykryto przeciwnika PommermanAgent_1_Opponent w zasięgu bomby!
Wykryto przeciwnika PommermanAgent_1_Opponent w zasięgu bomby!
Breakable destroyed. Remaining: 0
All breakables destroyed! Awarding win...
Reward this round: 0,78
Wykryto przeciwnika PommermanAgent_1_Opponent w zasięgu bomby!
Wykryto przeciwnika PommermanAgent_1_Opponent w zasięgu bomby!
Wykryto przeciwnika PommermanAgent_1_Opponent w zasięgu bomby!
Breakable destroyed. Remaining: 4
Wykryto przeciwnika PommermanAgent_1_Opponent w zasięgu bomby!
Wykryto przeciwnika PommermanAgent_1_Opponent w zasięgu bomby!
Wykryto przeciwnika PommermanAgent_1_Opponent w zasięgu bomby!
Wykryto przeciwnika PommermanAgent_1_Opponent w zasięgu bomby!
Wykryto przeciwnika PommermanAgent_1_Opponent w zasięgu bomby!
Wykryto przeciwnika PommermanAgent_1_Opponent w zasięgu bomby!
Wykryto przeciwnika PommermanAgent_1_Opponent w zasięgu bomby!
Wykryto przeciwnika PommermanAgent_1_Opponent w zasięgu bomby!
Breakable destroyed. Remaining: 2
Wykryto przeciwnika PommermanAgent_1_Opponent w zasięgu bomby!
Wykryto przeciwnika PommermanAgent_1_Opponent w zasięgu bomby!
Wykryto przeciwnika PommermanAgent_1_Opponent w zasięgu bomby!
Breakable destroyed. Remaining: 4
Wykryto przeciwnika PommermanAgent_1_Opponent w zasięgu bomby!
Wykryto przeciwnika PommermanAgent_1_Opponent w zasięgu bomby!
Breakable destroyed. Remaining: 1
Wykryto przeciwnika PommermanAgent_1_Opponent w zasięgu bomby!
Wykryto przeciwnika PommermanAgent_1_Opponent w zasięgu bomby!
Breakable destroyed. Remaining: 5
Wykryto przeciwnika PommermanAgent_1_Opponent w zasięgu bomby!
Wykryto przeciwnika PommermanAgent_1_Opponent w zasięgu bomby!
Breakable destroyed. Remaining: 3
Wykryto przeciwnika PommermanAgent_1_Opponent w zasięgu bomby!
Wykryto przeciwnika PommermanAgent_1_Opponent w zasięgu bomby!
Wykryto przeciwnika PommermanAgent_1_Opponent w zasięgu bomby!
Wykryto przeciwnika PommermanAgent_1_Opponent w zasięgu bomby!
Wykryto przeciwnika PommermanAgent_1_Opponent w zasięgu bomby!
Wykryto przeciwnika PommermanAgent_1_Opponent w zasięgu bomby!
Wykryto przeciwnika PommermanAgent_1_Opponent w zasięgu bomby!
Breakable destroyed. Remaining: 3
Wykryto przeciwnika PommermanAgent_1_Opponent w zasięgu bomby!
Breakable destroyed. Remaining: 4
Wykryto przeciwnika PommermanAgent_1_Opponent w zasięgu bomby!
Breakable destroyed. Remaining: 4
Breakable destroyed. Remaining: 3
Wykryto przeciwnika PommermanAgent_1_Opponent w zasięgu bomby!
Breakable destroyed. Remaining: 2
Wykryto przeciwnika PommermanAgent_1_Opponent w zasięgu bomby!
Wykryto przeciwnika PommermanAgent_1_Opponent w zasięgu bomby!
Wykryto przeciwnika PommermanAgent_1_Opponent w zasięgu bomby!
Wykryto przeciwnika PommermanAgent_1_Opponent w zasięgu bomby!
Breakable destroyed. Remaining: 2
Wykryto przeciwnika PommermanAgent_1_Opponent w zasięgu bomby!
Wykryto przeciwnika PommermanAgent_1_Opponent w zasięgu bomby!
Wykryto przeciwnika PommermanAgent_1_Opponent w zasięgu bomby!
Breakable destroyed. Remaining: 4
Wykryto przeciwnika PommermanAgent_1_Opponent w zasięgu bomby!
Breakable destroyed. Remaining: 4
Wykryto przeciwnika PommermanAgent_1_Opponent w zasięgu bomby!
Breakable destroyed. Remaining: 3
Wykryto przeciwnika PommermanAgent_1_Opponent w zasięgu bomby!
Breakable destroyed. Remaining: 2
Wykryto przeciwnika PommermanAgent_1_Opponent w zasięgu bomby!
Wykryto przeciwnika PommermanAgent_1_Opponent w zasięgu bomby!
Breakable destroyed. Remaining: 3
Breakable destroyed. Remaining: 2
Breakable destroyed. Remaining: 1
Wykryto przeciwnika PommermanAgent_1_Opponent w zasięgu bomby!
Wykryto przeciwnika PommermanAgent_1_Opponent w zasięgu bomby!
Wykryto przeciwnika PommermanAgent_1_Opponent w zasięgu bomby!
Breakable destroyed. Remaining: 2
Wykryto przeciwnika PommermanAgent_1_Opponent w zasięgu bomby!
Wykryto przeciwnika PommermanAgent_1_Opponent w zasięgu bomby!
Wykryto przeciwnika PommermanAgent_1_Opponent w zasięgu bomby!
Wykryto przeciwnika PommermanAgent_1_Opponent w zasięgu bomby!
Wykryto przeciwnika PommermanAgent_1_Opponent w zasięgu bomby!
Breakable destroyed. Remaining: 2
Wykryto przeciwnika PommermanAgent_1_Opponent w zasięgu bomby!
Wykryto przeciwnika PommermanAgent_1_Opponent w zasięgu bomby!
Breakable destroyed. Remaining: 4
Breakable destroyed. Remaining: 3
Wykryto przeciwnika PommermanAgent_1_Opponent w zasięgu bomby!
Wykryto przeciwnika PommermanAgent_1_Opponent w zasięgu bomby!
Breakable destroyed. Remaining: 2
Wykryto przeciwnika PommermanAgent_1_Opponent w zasięgu bomby!
Breakable destroyed. Remaining: 1
Breakable destroyed. Remaining: 3
Wykryto przeciwnika PommermanAgent_1_Opponent w zasięgu bomby!
Breakable destroyed. Remaining: 2
Wykryto przeciwnika PommermanAgent_1_Opponent w zasięgu bomby!
Wykryto przeciwnika PommermanAgent_1_Opponent w zasięgu bomby!
Breakable destroyed. Remaining: 3
Wykryto przeciwnika PommermanAgent_1_Opponent w zasięgu bomby!
Wykryto przeciwnika PommermanAgent_1_Opponent w zasięgu bomby!
Wykryto przeciwnika PommermanAgent_1_Opponent w zasięgu bomby!
Wykryto przeciwnika PommermanAgent_1_Opponent w zasięgu bomby!
Breakable destroyed. Remaining: 4
Breakable destroyed. Remaining: 4
Wykryto przeciwnika PommermanAgent_1_Opponent w zasięgu bomby!
Wykryto przeciwnika PommermanAgent_1_Opponent w zasięgu bomby!
Wykryto przeciwnika PommermanAgent_1_Opponent w zasięgu bomby!
Wykryto przeciwnika PommermanAgent_1_Opponent w zasięgu bomby!
Breakable destroyed. Remaining: 2
Wykryto przeciwnika PommermanAgent_1_Opponent w zasięgu bomby!
Wykryto przeciwnika PommermanAgent_1_Opponent w zasięgu bomby!
Breakable destroyed. Remaining: 1
Wykryto przeciwnika PommermanAgent_1_Opponent w zasięgu bomby!
Breakable destroyed. Remaining: 1
Wykryto przeciwnika PommermanAgent_1_Opponent w zasięgu bomby!
Wykryto przeciwnika PommermanAgent_1_Opponent w zasięgu bomby!
Wykryto przeciwnika PommermanAgent_1_Opponent w zasięgu bomby!
Wykryto przeciwnika PommermanAgent_1_Opponent w zasięgu bomby!
Breakable destroyed. Remaining: 2
Wykryto przeciwnika PommermanAgent_1_Opponent w zasięgu bomby!
Breakable destroyed. Remaining: 1
Breakable destroyed. Remaining: 2
Breakable destroyed. Remaining: 1
Wykryto przeciwnika PommermanAgent_1_Opponent w zasięgu bomby!
Wykryto przeciwnika PommermanAgent_1_Opponent w zasięgu bomby!
Wykryto przeciwnika PommermanAgent_1_Opponent w zasięgu bomby!
Breakable destroyed. Remaining: 2
Wykryto przeciwnika PommermanAgent_1_Opponent w zasięgu bomby!
Wykryto przeciwnika PommermanAgent_1_Opponent w zasięgu bomby!
Breakable destroyed. Remaining: 5
Wykryto przeciwnika PommermanAgent_1_Opponent w zasięgu bomby!
Breakable destroyed. Remaining: 4
Wykryto przeciwnika PommermanAgent_1_Opponent w zasięgu bomby!
Breakable destroyed. Remaining: 5
Breakable destroyed. Remaining: 4
Wykryto przeciwnika PommermanAgent_1_Opponent w zasięgu bomby!
Breakable destroyed. Remaining: 5
Wykryto przeciwnika PommermanAgent_1_Opponent w zasięgu bomby!
Wykryto przeciwnika PommermanAgent_1_Opponent w zasięgu bomby!
Breakable destroyed. Remaining: 1
Wykryto przeciwnika PommermanAgent_1_Opponent w zasięgu bomby!
Wykryto przeciwnika PommermanAgent_1_Opponent w zasięgu bomby!
Wykryto przeciwnika PommermanAgent_1_Opponent w zasięgu bomby!
Wykryto przeciwnika PommermanAgent_1_Opponent w zasięgu bomby!
Wykryto przeciwnika PommermanAgent_1_Opponent w zasięgu bomby!
Breakable destroyed. Remaining: 3
Breakable destroyed. Remaining: 2
Wykryto przeciwnika PommermanAgent_1_Opponent w zasięgu bomby!
Wykryto przeciwnika PommermanAgent_1_Opponent w zasięgu bomby!
Wykryto przeciwnika PommermanAgent_1_Opponent w zasięgu bomby!
Wykryto przeciwnika PommermanAgent_1_Opponent w zasięgu bomby!
Breakable destroyed. Remaining: 0
All breakables destroyed! Awarding win...
Reward this round: 0,8099999
Breakable destroyed. Remaining: 2
Wykryto przeciwnika PommermanAgent_1_Opponent w zasięgu bomby!
Wykryto przeciwnika PommermanAgent_1_Opponent w zasięgu bomby!
Breakable destroyed. Remaining: 1
Wykryto przeciwnika PommermanAgent_1_Opponent w zasięgu bomby!
Wykryto przeciwnika PommermanAgent_1_Opponent w zasięgu bomby!
Breakable destroyed. Remaining: 1
Wykryto przeciwnika PommermanAgent_1_Opponent w zasięgu bomby!
Wykryto przeciwnika PommermanAgent_1_Opponent w zasięgu bomby!
Wykryto przeciwnika PommermanAgent_1_Opponent w zasięgu bomby!
Wykryto przeciwnika PommermanAgent_1_Opponent w zasięgu bomby!
Breakable destroyed. Remaining: 1
Wykryto przeciwnika PommermanAgent_1_Opponent w zasięgu bomby!
Breakable destroyed. Remaining: 3
Wykryto przeciwnika PommermanAgent_1_Opponent w zasięgu bomby!
Breakable destroyed. Remaining: 2
Wykryto przeciwnika PommermanAgent_1_Opponent w zasięgu bomby!
Wykryto przeciwnika PommermanAgent_1_Opponent w zasięgu bomby!
Wykryto przeciwnika PommermanAgent_1_Opponent w zasięgu bomby!
Wykryto przeciwnika PommermanAgent_1_Opponent w zasięgu bomby!
Wykryto przeciwnika PommermanAgent_1_Opponent w zasięgu bomby!
Breakable destroyed. Remaining: 2
Breakable destroyed. Remaining: 1
Breakable destroyed. Remaining: 5
Wykryto przeciwnika PommermanAgent_1_Opponent w zasięgu bomby!
Wykryto przeciwnika PommermanAgent_1_Opponent w zasięgu bomby!
Breakable destroyed. Remaining: 3
Wykryto przeciwnika PommermanAgent_1_Opponent w zasięgu bomby!
Wykryto przeciwnika PommermanAgent_1_Opponent w zasięgu bomby!
Breakable destroyed. Remaining: 0
All breakables destroyed! Awarding win...
Reward this round: 0,85
Wykryto przeciwnika PommermanAgent_1_Opponent w zasięgu bomby!
Wykryto przeciwnika PommermanAgent_1_Opponent w zasięgu bomby!
Wykryto przeciwnika PommermanAgent_1_Opponent w zasięgu bomby!
Wykryto przeciwnika PommermanAgent_1_Opponent w zasięgu bomby!
Wykryto przeciwnika PommermanAgent_1_Opponent w zasięgu bomby!
Wykryto przeciwnika PommermanAgent_1_Opponent w zasięgu bomby!
Breakable destroyed. Remaining: 2
Wykryto przeciwnika PommermanAgent_1_Opponent w zasięgu bomby!
Wykryto przeciwnika PommermanAgent_1_Opponent w zasięgu bomby!
Breakable destroyed. Remaining: 2
Breakable destroyed. Remaining: 1
Wykryto przeciwnika PommermanAgent_1_Opponent w zasięgu bomby!
Wykryto przeciwnika PommermanAgent_1_Opponent w zasięgu bomby!
Wykryto przeciwnika PommermanAgent_1_Opponent w zasięgu bomby!
Breakable destroyed. Remaining: 1
Breakable destroyed. Remaining: 0
All breakables destroyed! Awarding win...
Reward this round: 2,17
Breakable destroyed. Remaining: 3
Breakable destroyed. Remaining: 2
Breakable destroyed. Remaining: 2
Breakable destroyed. Remaining: 2
Breakable destroyed. Remaining: 1
Wykryto przeciwnika PommermanAgent_1_Opponent w zasięgu bomby!
Wykryto przeciwnika PommermanAgent_1_Opponent w zasięgu bomby!
Wykryto przeciwnika PommermanAgent_1_Opponent w zasięgu bomby!
Wykryto przeciwnika PommermanAgent_1_Opponent w zasięgu bomby!
Wykryto przeciwnika PommermanAgent_1_Opponent w zasięgu bomby!
Wykryto przeciwnika PommermanAgent_1_Opponent w zasięgu bomby!
Breakable destroyed. Remaining: 3
Wykryto przeciwnika PommermanAgent_1_Opponent w zasięgu bomby!
Wykryto przeciwnika PommermanAgent_1_Opponent w zasięgu bomby!
Breakable destroyed. Remaining: 4
Wykryto przeciwnika PommermanAgent_1_Opponent w zasięgu bomby!
Breakable destroyed. Remaining: 3
Wykryto przeciwnika PommermanAgent_1_Opponent w zasięgu bomby!
Breakable destroyed. Remaining: 2
Wykryto przeciwnika PommermanAgent_1_Opponent w zasięgu bomby!
Wykryto przeciwnika PommermanAgent_1_Opponent w zasięgu bomby!
Wykryto przeciwnika PommermanAgent_1_Opponent w zasięgu bomby!
Wykryto przeciwnika PommermanAgent_1_Opponent w zasięgu bomby!
Breakable destroyed. Remaining: 3
Breakable destroyed. Remaining: 2
Wykryto przeciwnika PommermanAgent_1_Opponent w zasięgu bomby!
Wykryto przeciwnika PommermanAgent_1_Opponent w zasięgu bomby!
Wykryto przeciwnika PommermanAgent_1_Opponent w zasięgu bomby!
Wykryto przeciwnika PommermanAgent_1_Opponent w zasięgu bomby!
Wykryto przeciwnika PommermanAgent_1_Opponent w zasięgu bomby!
Wykryto przeciwnika PommermanAgent_1_Opponent w zasięgu bomby!
Breakable destroyed. Remaining: 0
All breakables destroyed! Awarding win...
Reward this round: 2,625
Breakable destroyed. Remaining: 2
Wykryto przeciwnika PommermanAgent_1_Opponent w zasięgu bomby!
Breakable destroyed. Remaining: 1
Breakable destroyed. Remaining: 3
Breakable destroyed. Remaining: 2
Wykryto przeciwnika PommermanAgent_1_Opponent w zasięgu bomby!
Wykryto przeciwnika PommermanAgent_1_Opponent w zasięgu bomby!
Wykryto przeciwnika PommermanAgent_1_Opponent w zasięgu bomby!
Breakable destroyed. Remaining: 1
Wykryto przeciwnika PommermanAgent_1_Opponent w zasięgu bomby!
Wykryto przeciwnika PommermanAgent_1_Opponent w zasięgu bomby!
Breakable destroyed. Remaining: 4
Breakable destroyed. Remaining: 3
Wykryto przeciwnika PommermanAgent_1_Opponent w zasięgu bomby!
Wykryto przeciwnika PommermanAgent_1_Opponent w zasięgu bomby!
Wykryto przeciwnika PommermanAgent_1_Opponent w zasięgu bomby!
Wykryto przeciwnika PommermanAgent_1_Opponent w zasięgu bomby!
Breakable destroyed. Remaining: 3
Wykryto przeciwnika PommermanAgent_1_Opponent w zasięgu bomby!
Wykryto przeciwnika PommermanAgent_1_Opponent w zasięgu bomby!
Wykryto przeciwnika PommermanAgent_1_Opponent w zasięgu bomby!
Breakable destroyed. Remaining: 0
All breakables destroyed! Awarding win...
Reward this round: 1,225
Breakable destroyed. Remaining: 3
Wykryto przeciwnika PommermanAgent_1_Opponent w zasięgu bomby!
Wykryto przeciwnika PommermanAgent_1_Opponent w zasięgu bomby!
Wykryto przeciwnika PommermanAgent_1_Opponent w zasięgu bomby!
Wykryto przeciwnika PommermanAgent_1_Opponent w zasięgu bomby!
Breakable destroyed. Remaining: 3
Breakable destroyed. Remaining: 2
Wykryto przeciwnika PommermanAgent_1_Opponent w zasięgu bomby!
Wykryto przeciwnika PommermanAgent_1_Opponent w zasięgu bomby!
Breakable destroyed. Remaining: 1
Wykryto przeciwnika PommermanAgent_1_Opponent w zasięgu bomby!
Wykryto przeciwnika PommermanAgent_1_Opponent w zasięgu bomby!
Wykryto przeciwnika PommermanAgent_1_Opponent w zasięgu bomby!
Wykryto przeciwnika PommermanAgent_1_Opponent w zasięgu bomby!
Wykryto przeciwnika PommermanAgent_1_Opponent w zasięgu bomby!
Wykryto przeciwnika PommermanAgent_1_Opponent w zasięgu bomby!
Wykryto przeciwnika PommermanAgent_1_Opponent w zasięgu bomby!
Breakable destroyed. Remaining: 2
Breakable destroyed. Remaining: 1
Wykryto przeciwnika PommermanAgent_1_Opponent w zasięgu bomby!
Breakable destroyed. Remaining: 4
Breakable destroyed. Remaining: 3
Wykryto przeciwnika PommermanAgent_1_Opponent w zasięgu bomby!
Wykryto przeciwnika PommermanAgent_1_Opponent w zasięgu bomby!
Breakable destroyed. Remaining: 2
[Physics::Module] Cleanup current backend.
[Physics::Module] Id: 0xf2b8ea05
Input System module state changed to: ShutdownInProgress.
Input System polling thread exited.
Input System module state changed to: Shutdown.
